{"C:\\Users\\us#r\\Downloads\\New folder (2)\\backend\\middleware\\auth.js": {"path":"C:\\Users\\us#r\\Downloads\\New folder (2)\\backend\\middleware\\auth.js","statementMap":{"0":{"start":{"line":1,"column":12},"end":{"line":1,"column":35}},"1":{"start":{"line":2,"column":15},"end":{"line":2,"column":32}},"2":{"start":{"line":3,"column":46},"end":{"line":3,"column":78}},"3":{"start":{"line":4,"column":13},"end":{"line":4,"column":38}},"4":{"start":{"line":6,"column":19},"end":{"line":6,"column":43}},"5":{"start":{"line":9,"column":0},"end":{"line":33,"column":2}},"6":{"start":{"line":10,"column":2},"end":{"line":32,"column":3}},"7":{"start":{"line":11,"column":18},"end":{"line":11,"column":58}},"8":{"start":{"line":13,"column":4},"end":{"line":15,"column":5}},"9":{"start":{"line":14,"column":6},"end":{"line":14,"column":71}},"10":{"start":{"line":17,"column":20},"end":{"line":17,"column":49}},"11":{"start":{"line":18,"column":17},"end":{"line":18,"column":72}},"12":{"start":{"line":20,"column":4},"end":{"line":22,"column":5}},"13":{"start":{"line":21,"column":6},"end":{"line":21,"column":68}},"14":{"start":{"line":24,"column":4},"end":{"line":26,"column":5}},"15":{"start":{"line":25,"column":6},"end":{"line":25,"column":61}},"16":{"start":{"line":28,"column":4},"end":{"line":28,"column":20}},"17":{"start":{"line":29,"column":4},"end":{"line":29,"column":11}},"18":{"start":{"line":31,"column":4},"end":{"line":31,"column":16}},"19":{"start":{"line":36,"column":0},"end":{"line":41,"column":2}},"20":{"start":{"line":37,"column":2},"end":{"line":39,"column":3}},"21":{"start":{"line":38,"column":4},"end":{"line":38,"column":74}},"22":{"start":{"line":40,"column":2},"end":{"line":40,"column":9}},"23":{"start":{"line":44,"column":0},"end":{"line":55,"column":2}},"24":{"start":{"line":45,"column":2},"end":{"line":47,"column":3}},"25":{"start":{"line":46,"column":4},"end":{"line":46,"column":18}},"26":{"start":{"line":50,"column":2},"end":{"line":52,"column":3}},"27":{"start":{"line":51,"column":4},"end":{"line":51,"column":18}},"28":{"start":{"line":54,"column":2},"end":{"line":54,"column":85}},"29":{"start":{"line":58,"column":0},"end":{"line":60,"column":2}},"30":{"start":{"line":59,"column":2},"end":{"line":59,"column":86}}},"fnMap":{"0":{"name":"(anonymous_0)","decl":{"start":{"line":9,"column":23},"end":{"line":9,"column":24}},"loc":{"start":{"line":9,"column":49},"end":{"line":33,"column":1}},"line":9},"1":{"name":"(anonymous_1)","decl":{"start":{"line":36,"column":18},"end":{"line":36,"column":19}},"loc":{"start":{"line":36,"column":38},"end":{"line":41,"column":1}},"line":36},"2":{"name":"(anonymous_2)","decl":{"start":{"line":44,"column":25},"end":{"line":44,"column":26}},"loc":{"start":{"line":44,"column":45},"end":{"line":55,"column":1}},"line":44},"3":{"name":"(anonymous_3)","decl":{"start":{"line":58,"column":24},"end":{"line":58,"column":25}},"loc":{"start":{"line":58,"column":36},"end":{"line":60,"column":1}},"line":58}},"branchMap":{"0":{"loc":{"start":{"line":13,"column":4},"end":{"line":15,"column":5}},"type":"if","locations":[{"start":{"line":13,"column":4},"end":{"line":15,"column":5}},{"start":{},"end":{}}],"line":13},"1":{"loc":{"start":{"line":20,"column":4},"end":{"line":22,"column":5}},"type":"if","locations":[{"start":{"line":20,"column":4},"end":{"line":22,"column":5}},{"start":{},"end":{}}],"line":20},"2":{"loc":{"start":{"line":24,"column":4},"end":{"line":26,"column":5}},"type":"if","locations":[{"start":{"line":24,"column":4},"end":{"line":26,"column":5}},{"start":{},"end":{}}],"line":24},"3":{"loc":{"start":{"line":37,"column":2},"end":{"line":39,"column":3}},"type":"if","locations":[{"start":{"line":37,"column":2},"end":{"line":39,"column":3}},{"start":{},"end":{}}],"line":37},"4":{"loc":{"start":{"line":45,"column":2},"end":{"line":47,"column":3}},"type":"if","locations":[{"start":{"line":45,"column":2},"end":{"line":47,"column":3}},{"start":{},"end":{}}],"line":45},"5":{"loc":{"start":{"line":50,"column":2},"end":{"line":52,"column":3}},"type":"if","locations":[{"start":{"line":50,"column":2},"end":{"line":52,"column":3}},{"start":{},"end":{}}],"line":50},"6":{"loc":{"start":{"line":50,"column":6},"end":{"line":50,"column":72}},"type":"binary-expr","locations":[{"start":{"line":50,"column":6},"end":{"line":50,"column":23}},{"start":{"line":50,"column":27},"end":{"line":50,"column":72}}],"line":50}},"s":{"0":3,"1":3,"2":3,"3":3,"4":3,"5":3,"6":0,"7":0,"8":0,"9":0,"10":0,"11":0,"12":0,"13":0,"14":0,"15":0,"16":0,"17":0,"18":0,"19":3,"20":0,"21":0,"22":0,"23":3,"24":0,"25":0,"26":0,"27":0,"28":0,"29":3,"30":6},"f":{"0":0,"1":0,"2":0,"3":6},"b":{"0":[0,0],"1":[0,0],"2":[0,0],"3":[0,0],"4":[0,0],"5":[0,0],"6":[0,0]},"_coverageSchema":"1a1c01bbd47fc00a2c39e90264f33305004495a9","hash":"e635cad25a1f8fc95a9867f6a98185c2ac4d497e"}
,"C:\\Users\\us#r\\Downloads\\New folder (2)\\backend\\models\\AISuggestion.js": {"path":"C:\\Users\\us#r\\Downloads\\New folder (2)\\backend\\models\\AISuggestion.js","statementMap":{"0":{"start":{"line":1,"column":17},"end":{"line":1,"column":36}},"1":{"start":{"line":3,"column":27},"end":{"line":36,"column":2}},"2":{"start":{"line":38,"column":0},"end":{"line":38,"column":68}}},"fnMap":{},"branchMap":{},"s":{"0":0,"1":0,"2":0},"f":{},"b":{}}
,"C:\\Users\\us#r\\Downloads\\New folder (2)\\backend\\models\\CompanySettings.js": {"path":"C:\\Users\\us#r\\Downloads\\New folder (2)\\backend\\models\\CompanySettings.js","statementMap":{"0":{"start":{"line":1,"column":17},"end":{"line":1,"column":36}},"1":{"start":{"line":3,"column":30},"end":{"line":45,"column":2}},"2":{"start":{"line":48,"column":0},"end":{"line":54,"column":2}},"3":{"start":{"line":49,"column":17},"end":{"line":49,"column":37}},"4":{"start":{"line":50,"column":2},"end":{"line":52,"column":3}},"5":{"start":{"line":51,"column":4},"end":{"line":51,"column":37}},"6":{"start":{"line":53,"column":2},"end":{"line":53,"column":18}},"7":{"start":{"line":56,"column":0},"end":{"line":56,"column":74}}},"fnMap":{"0":{"name":"(anonymous_0)","decl":{"start":{"line":48,"column":44},"end":{"line":48,"column":45}},"loc":{"start":{"line":48,"column":61},"end":{"line":54,"column":1}},"line":48}},"branchMap":{"0":{"loc":{"start":{"line":50,"column":2},"end":{"line":52,"column":3}},"type":"if","locations":[{"start":{"line":50,"column":2},"end":{"line":52,"column":3}},{"start":{},"end":{}}],"line":50}},"s":{"0":0,"1":0,"2":0,"3":0,"4":0,"5":0,"6":0,"7":0},"f":{"0":0},"b":{"0":[0,0]}}
,"C:\\Users\\us#r\\Downloads\\New folder (2)\\backend\\models\\DiscountCode.js": {"path":"C:\\Users\\us#r\\Downloads\\New folder (2)\\backend\\models\\DiscountCode.js","statementMap":{"0":{"start":{"line":1,"column":17},"end":{"line":1,"column":36}},"1":{"start":{"line":3,"column":27},"end":{"line":49,"column":2}},"2":{"start":{"line":52,"column":0},"end":{"line":55,"column":3}},"3":{"start":{"line":53,"column":2},"end":{"line":53,"column":30}},"4":{"start":{"line":54,"column":2},"end":{"line":54,"column":9}},"5":{"start":{"line":58,"column":0},"end":{"line":81,"column":2}},"6":{"start":{"line":59,"column":14},"end":{"line":59,"column":24}},"7":{"start":{"line":62,"column":2},"end":{"line":64,"column":3}},"8":{"start":{"line":63,"column":4},"end":{"line":63,"column":68}},"9":{"start":{"line":67,"column":2},"end":{"line":69,"column":3}},"10":{"start":{"line":68,"column":4},"end":{"line":68,"column":71}},"11":{"start":{"line":71,"column":2},"end":{"line":73,"column":3}},"12":{"start":{"line":72,"column":4},"end":{"line":72,"column":66}},"13":{"start":{"line":76,"column":2},"end":{"line":78,"column":3}},"14":{"start":{"line":77,"column":4},"end":{"line":77,"column":79}},"15":{"start":{"line":80,"column":2},"end":{"line":80,"column":25}},"16":{"start":{"line":84,"column":0},"end":{"line":92,"column":2}},"17":{"start":{"line":85,"column":21},"end":{"line":85,"column":35}},"18":{"start":{"line":86,"column":2},"end":{"line":88,"column":3}},"19":{"start":{"line":87,"column":4},"end":{"line":87,"column":52}},"20":{"start":{"line":90,"column":25},"end":{"line":90,"column":59}},"21":{"start":{"line":91,"column":2},"end":{"line":91,"column":49}},"22":{"start":{"line":94,"column":0},"end":{"line":94,"column":68}}},"fnMap":{"0":{"name":"(anonymous_0)","decl":{"start":{"line":52,"column":31},"end":{"line":52,"column":32}},"loc":{"start":{"line":52,"column":46},"end":{"line":55,"column":1}},"line":52},"1":{"name":"(anonymous_1)","decl":{"start":{"line":58,"column":37},"end":{"line":58,"column":38}},"loc":{"start":{"line":58,"column":48},"end":{"line":81,"column":1}},"line":58},"2":{"name":"(anonymous_2)","decl":{"start":{"line":84,"column":47},"end":{"line":84,"column":48}},"loc":{"start":{"line":84,"column":66},"end":{"line":92,"column":1}},"line":84}},"branchMap":{"0":{"loc":{"start":{"line":62,"column":2},"end":{"line":64,"column":3}},"type":"if","locations":[{"start":{"line":62,"column":2},"end":{"line":64,"column":3}},{"start":{},"end":{}}],"line":62},"1":{"loc":{"start":{"line":67,"column":2},"end":{"line":69,"column":3}},"type":"if","locations":[{"start":{"line":67,"column":2},"end":{"line":69,"column":3}},{"start":{},"end":{}}],"line":67},"2":{"loc":{"start":{"line":67,"column":6},"end":{"line":67,"column":44}},"type":"binary-expr","locations":[{"start":{"line":67,"column":6},"end":{"line":67,"column":20}},{"start":{"line":67,"column":24},"end":{"line":67,"column":44}}],"line":67},"3":{"loc":{"start":{"line":71,"column":2},"end":{"line":73,"column":3}},"type":"if","locations":[{"start":{"line":71,"column":2},"end":{"line":73,"column":3}},{"start":{},"end":{}}],"line":71},"4":{"loc":{"start":{"line":71,"column":6},"end":{"line":71,"column":46}},"type":"binary-expr","locations":[{"start":{"line":71,"column":6},"end":{"line":71,"column":21}},{"start":{"line":71,"column":25},"end":{"line":71,"column":46}}],"line":71},"5":{"loc":{"start":{"line":76,"column":2},"end":{"line":78,"column":3}},"type":"if","locations":[{"start":{"line":76,"column":2},"end":{"line":78,"column":3}},{"start":{},"end":{}}],"line":76},"6":{"loc":{"start":{"line":76,"column":6},"end":{"line":76,"column":63}},"type":"binary-expr","locations":[{"start":{"line":76,"column":6},"end":{"line":76,"column":27}},{"start":{"line":76,"column":31},"end":{"line":76,"column":63}}],"line":76},"7":{"loc":{"start":{"line":86,"column":2},"end":{"line":88,"column":3}},"type":"if","locations":[{"start":{"line":86,"column":2},"end":{"line":88,"column":3}},{"start":{},"end":{}}],"line":86}},"s":{"0":0,"1":0,"2":0,"3":0,"4":0,"5":0,"6":0,"7":0,"8":0,"9":0,"10":0,"11":0,"12":0,"13":0,"14":0,"15":0,"16":0,"17":0,"18":0,"19":0,"20":0,"21":0,"22":0},"f":{"0":0,"1":0,"2":0},"b":{"0":[0,0],"1":[0,0],"2":[0,0],"3":[0,0],"4":[0,0],"5":[0,0],"6":[0,0],"7":[0,0]}}
,"C:\\Users\\us#r\\Downloads\\New folder (2)\\backend\\models\\EmailTemplate.js": {"path":"C:\\Users\\us#r\\Downloads\\New folder (2)\\backend\\models\\EmailTemplate.js","statementMap":{"0":{"start":{"line":1,"column":17},"end":{"line":1,"column":36}},"1":{"start":{"line":3,"column":28},"end":{"line":37,"column":2}},"2":{"start":{"line":39,"column":0},"end":{"line":39,"column":70}}},"fnMap":{},"branchMap":{},"s":{"0":0,"1":0,"2":0},"f":{},"b":{}}
,"C:\\Users\\us#r\\Downloads\\New folder (2)\\backend\\models\\Invoice.js": {"path":"C:\\Users\\us#r\\Downloads\\New folder (2)\\backend\\models\\Invoice.js","statementMap":{"0":{"start":{"line":1,"column":17},"end":{"line":1,"column":36}},"1":{"start":{"line":3,"column":26},"end":{"line":27,"column":2}},"2":{"start":{"line":29,"column":22},"end":{"line":149,"column":2}},"3":{"start":{"line":64,"column":8},"end":{"line":64,"column":41}},"4":{"start":{"line":152,"column":0},"end":{"line":178,"column":3}},"5":{"start":{"line":153,"column":2},"end":{"line":175,"column":3}},"6":{"start":{"line":154,"column":4},"end":{"line":174,"column":5}},"7":{"start":{"line":156,"column":26},"end":{"line":159,"column":17}},"8":{"start":{"line":161,"column":23},"end":{"line":161,"column":24}},"9":{"start":{"line":162,"column":6},"end":{"line":168,"column":7}},"10":{"start":{"line":164,"column":22},"end":{"line":164,"column":66}},"11":{"start":{"line":165,"column":8},"end":{"line":167,"column":9}},"12":{"start":{"line":166,"column":10},"end":{"line":166,"column":46}},"13":{"start":{"line":170,"column":6},"end":{"line":170,"column":72}},"14":{"start":{"line":172,"column":6},"end":{"line":172,"column":63}},"15":{"start":{"line":173,"column":6},"end":{"line":173,"column":25}},"16":{"start":{"line":177,"column":2},"end":{"line":177,"column":9}},"17":{"start":{"line":181,"column":0},"end":{"line":190,"column":3}},"18":{"start":{"line":182,"column":2},"end":{"line":182,"column":30}},"19":{"start":{"line":185,"column":2},"end":{"line":185,"column":72}},"20":{"start":{"line":185,"column":51},"end":{"line":185,"column":67}},"21":{"start":{"line":186,"column":2},"end":{"line":186,"column":56}},"22":{"start":{"line":187,"column":2},"end":{"line":187,"column":62}},"23":{"start":{"line":189,"column":2},"end":{"line":189,"column":9}},"24":{"start":{"line":192,"column":0},"end":{"line":192,"column":58}}},"fnMap":{"0":{"name":"(anonymous_0)","decl":{"start":{"line":63,"column":17},"end":{"line":63,"column":18}},"loc":{"start":{"line":63,"column":33},"end":{"line":65,"column":7}},"line":63},"1":{"name":"(anonymous_1)","decl":{"start":{"line":152,"column":30},"end":{"line":152,"column":31}},"loc":{"start":{"line":152,"column":51},"end":{"line":178,"column":1}},"line":152},"2":{"name":"(anonymous_2)","decl":{"start":{"line":181,"column":26},"end":{"line":181,"column":27}},"loc":{"start":{"line":181,"column":41},"end":{"line":190,"column":1}},"line":181},"3":{"name":"(anonymous_3)","decl":{"start":{"line":185,"column":36},"end":{"line":185,"column":37}},"loc":{"start":{"line":185,"column":51},"end":{"line":185,"column":67}},"line":185}},"branchMap":{"0":{"loc":{"start":{"line":64,"column":15},"end":{"line":64,"column":40}},"type":"binary-expr","locations":[{"start":{"line":64,"column":15},"end":{"line":64,"column":20}},{"start":{"line":64,"column":24},"end":{"line":64,"column":40}}],"line":64},"1":{"loc":{"start":{"line":153,"column":2},"end":{"line":175,"column":3}},"type":"if","locations":[{"start":{"line":153,"column":2},"end":{"line":175,"column":3}},{"start":{},"end":{}}],"line":153},"2":{"loc":{"start":{"line":153,"column":6},"end":{"line":153,"column":39}},"type":"binary-expr","locations":[{"start":{"line":153,"column":6},"end":{"line":153,"column":16}},{"start":{"line":153,"column":20},"end":{"line":153,"column":39}}],"line":153},"3":{"loc":{"start":{"line":162,"column":6},"end":{"line":168,"column":7}},"type":"if","locations":[{"start":{"line":162,"column":6},"end":{"line":168,"column":7}},{"start":{},"end":{}}],"line":162},"4":{"loc":{"start":{"line":162,"column":10},"end":{"line":162,"column":50}},"type":"binary-expr","locations":[{"start":{"line":162,"column":10},"end":{"line":162,"column":21}},{"start":{"line":162,"column":25},"end":{"line":162,"column":50}}],"line":162},"5":{"loc":{"start":{"line":165,"column":8},"end":{"line":167,"column":9}},"type":"if","locations":[{"start":{"line":165,"column":8},"end":{"line":167,"column":9}},{"start":{},"end":{}}],"line":165}},"s":{"0":1,"1":1,"2":1,"3":20,"4":1,"5":22,"6":17,"7":17,"8":17,"9":17,"10":1,"11":1,"12":1,"13":17,"14":0,"15":0,"16":22,"17":1,"18":13,"19":13,"20":16,"21":13,"22":13,"23":13,"24":1},"f":{"0":20,"1":22,"2":13,"3":16},"b":{"0":[20,20],"1":[17,5],"2":[22,19],"3":[1,16],"4":[17,1],"5":[1,0]},"_coverageSchema":"1a1c01bbd47fc00a2c39e90264f33305004495a9","hash":"fddd20f83555e0bcac2c11825eca09aa8f4a243f"}
,"C:\\Users\\us#r\\Downloads\\New folder (2)\\backend\\models\\TaxRule.js": {"path":"C:\\Users\\us#r\\Downloads\\New folder (2)\\backend\\models\\TaxRule.js","statementMap":{"0":{"start":{"line":1,"column":17},"end":{"line":1,"column":36}},"1":{"start":{"line":3,"column":22},"end":{"line":30,"column":2}},"2":{"start":{"line":33,"column":0},"end":{"line":33,"column":78}},"3":{"start":{"line":35,"column":0},"end":{"line":35,"column":58}}},"fnMap":{},"branchMap":{},"s":{"0":0,"1":0,"2":0,"3":0},"f":{},"b":{}}
,"C:\\Users\\us#r\\Downloads\\New folder (2)\\backend\\models\\User.js": {"path":"C:\\Users\\us#r\\Downloads\\New folder (2)\\backend\\models\\User.js","statementMap":{"0":{"start":{"line":1,"column":17},"end":{"line":1,"column":36}},"1":{"start":{"line":2,"column":15},"end":{"line":2,"column":34}},"2":{"start":{"line":4,"column":19},"end":{"line":40,"column":2}},"3":{"start":{"line":43,"column":0},"end":{"line":48,"column":3}},"4":{"start":{"line":44,"column":2},"end":{"line":44,"column":50}},"5":{"start":{"line":44,"column":36},"end":{"line":44,"column":50}},"6":{"start":{"line":45,"column":2},"end":{"line":45,"column":55}},"7":{"start":{"line":46,"column":2},"end":{"line":46,"column":30}},"8":{"start":{"line":47,"column":2},"end":{"line":47,"column":9}},"9":{"start":{"line":51,"column":0},"end":{"line":53,"column":2}},"10":{"start":{"line":52,"column":2},"end":{"line":52,"column":64}},"11":{"start":{"line":56,"column":0},"end":{"line":60,"column":2}},"12":{"start":{"line":57,"column":14},"end":{"line":57,"column":29}},"13":{"start":{"line":58,"column":2},"end":{"line":58,"column":22}},"14":{"start":{"line":59,"column":2},"end":{"line":59,"column":13}},"15":{"start":{"line":62,"column":0},"end":{"line":62,"column":52}}},"fnMap":{"0":{"name":"(anonymous_0)","decl":{"start":{"line":43,"column":23},"end":{"line":43,"column":24}},"loc":{"start":{"line":43,"column":44},"end":{"line":48,"column":1}},"line":43},"1":{"name":"(anonymous_1)","decl":{"start":{"line":51,"column":37},"end":{"line":51,"column":38}},"loc":{"start":{"line":51,"column":71},"end":{"line":53,"column":1}},"line":51},"2":{"name":"(anonymous_2)","decl":{"start":{"line":56,"column":28},"end":{"line":56,"column":29}},"loc":{"start":{"line":56,"column":39},"end":{"line":60,"column":1}},"line":56}},"branchMap":{"0":{"loc":{"start":{"line":44,"column":2},"end":{"line":44,"column":50}},"type":"if","locations":[{"start":{"line":44,"column":2},"end":{"line":44,"column":50}},{"start":{},"end":{}}],"line":44}},"s":{"0":3,"1":3,"2":3,"3":3,"4":34,"5":2,"6":32,"7":32,"8":32,"9":3,"10":4,"11":3,"12":2,"13":2,"14":2,"15":3},"f":{"0":34,"1":4,"2":2},"b":{"0":[2,32]},"_coverageSchema":"1a1c01bbd47fc00a2c39e90264f33305004495a9","hash":"81b609c8db806c5363d256f8a1d50c95d0f69476"}
,"C:\\Users\\us#r\\Downloads\\New folder (2)\\backend\\routes\\ai.js": {"path":"C:\\Users\\us#r\\Downloads\\New folder (2)\\backend\\routes\\ai.js","statementMap":{"0":{"start":{"line":1,"column":16},"end":{"line":1,"column":34}},"1":{"start":{"line":2,"column":15},"end":{"line":2,"column":31}},"2":{"start":{"line":3,"column":21},"end":{"line":3,"column":54}},"3":{"start":{"line":4,"column":16},"end":{"line":4,"column":44}},"4":{"start":{"line":5,"column":25},"end":{"line":5,"column":54}},"5":{"start":{"line":8,"column":0},"end":{"line":84,"column":3}},"6":{"start":{"line":9,"column":2},"end":{"line":83,"column":3}},"7":{"start":{"line":10,"column":59},"end":{"line":10,"column":67}},"8":{"start":{"line":12,"column":21},"end":{"line":12,"column":23}},"9":{"start":{"line":13,"column":21},"end":{"line":13,"column":24}},"10":{"start":{"line":15,"column":4},"end":{"line":57,"column":5}},"11":{"start":{"line":18,"column":29},"end":{"line":18,"column":71}},"12":{"start":{"line":19,"column":26},"end":{"line":19,"column":101}},"13":{"start":{"line":19,"column":60},"end":{"line":19,"column":75}},"14":{"start":{"line":20,"column":8},"end":{"line":20,"column":60}},"15":{"start":{"line":21,"column":8},"end":{"line":21,"column":25}},"16":{"start":{"line":22,"column":8},"end":{"line":22,"column":14}},"17":{"start":{"line":26,"column":31},"end":{"line":29,"column":43}},"18":{"start":{"line":31,"column":8},"end":{"line":46,"column":9}},"19":{"start":{"line":32,"column":33},"end":{"line":37,"column":41}},"20":{"start":{"line":33,"column":27},"end":{"line":33,"column":48}},"21":{"start":{"line":35,"column":27},"end":{"line":35,"column":114}},"22":{"start":{"line":36,"column":14},"end":{"line":36,"column":32}},"23":{"start":{"line":39,"column":32},"end":{"line":39,"column":42}},"24":{"start":{"line":40,"column":10},"end":{"line":40,"column":92}},"25":{"start":{"line":41,"column":10},"end":{"line":41,"column":65}},"26":{"start":{"line":42,"column":10},"end":{"line":42,"column":28}},"27":{"start":{"line":44,"column":10},"end":{"line":44,"column":99}},"28":{"start":{"line":45,"column":10},"end":{"line":45,"column":27}},"29":{"start":{"line":47,"column":8},"end":{"line":47,"column":14}},"30":{"start":{"line":50,"column":8},"end":{"line":50,"column":27}},"31":{"start":{"line":51,"column":8},"end":{"line":51,"column":25}},"32":{"start":{"line":52,"column":8},"end":{"line":52,"column":14}},"33":{"start":{"line":55,"column":8},"end":{"line":55,"column":51}},"34":{"start":{"line":56,"column":8},"end":{"line":56,"column":25}},"35":{"start":{"line":60,"column":25},"end":{"line":66,"column":6}},"36":{"start":{"line":68,"column":4},"end":{"line":75,"column":7}},"37":{"start":{"line":78,"column":4},"end":{"line":78,"column":49}},"38":{"start":{"line":79,"column":4},"end":{"line":82,"column":7}},"39":{"start":{"line":87,"column":0},"end":{"line":118,"column":3}},"40":{"start":{"line":88,"column":2},"end":{"line":117,"column":3}},"41":{"start":{"line":89,"column":25},"end":{"line":89,"column":33}},"42":{"start":{"line":91,"column":23},"end":{"line":94,"column":6}},"43":{"start":{"line":96,"column":4},"end":{"line":101,"column":5}},"44":{"start":{"line":97,"column":6},"end":{"line":100,"column":9}},"45":{"start":{"line":103,"column":4},"end":{"line":103,"column":35}},"46":{"start":{"line":104,"column":4},"end":{"line":104,"column":28}},"47":{"start":{"line":106,"column":4},"end":{"line":109,"column":7}},"48":{"start":{"line":112,"column":4},"end":{"line":112,"column":47}},"49":{"start":{"line":113,"column":4},"end":{"line":116,"column":7}},"50":{"start":{"line":120,"column":0},"end":{"line":120,"column":24}}},"fnMap":{"0":{"name":"(anonymous_0)","decl":{"start":{"line":8,"column":42},"end":{"line":8,"column":43}},"loc":{"start":{"line":8,"column":62},"end":{"line":84,"column":1}},"line":8},"1":{"name":"(anonymous_1)","decl":{"start":{"line":19,"column":46},"end":{"line":19,"column":47}},"loc":{"start":{"line":19,"column":60},"end":{"line":19,"column":75}},"line":19},"2":{"name":"(anonymous_2)","decl":{"start":{"line":33,"column":20},"end":{"line":33,"column":21}},"loc":{"start":{"line":33,"column":27},"end":{"line":33,"column":48}},"line":33},"3":{"name":"(anonymous_3)","decl":{"start":{"line":34,"column":20},"end":{"line":34,"column":21}},"loc":{"start":{"line":34,"column":34},"end":{"line":37,"column":13}},"line":34},"4":{"name":"(anonymous_4)","decl":{"start":{"line":87,"column":55},"end":{"line":87,"column":56}},"loc":{"start":{"line":87,"column":75},"end":{"line":118,"column":1}},"line":87}},"branchMap":{"0":{"loc":{"start":{"line":15,"column":4},"end":{"line":57,"column":5}},"type":"switch","locations":[{"start":{"line":16,"column":6},"end":{"line":22,"column":14}},{"start":{"line":24,"column":6},"end":{"line":47,"column":14}},{"start":{"line":49,"column":6},"end":{"line":52,"column":14}},{"start":{"line":54,"column":6},"end":{"line":56,"column":25}}],"line":15},"1":{"loc":{"start":{"line":31,"column":8},"end":{"line":46,"column":9}},"type":"if","locations":[{"start":{"line":31,"column":8},"end":{"line":46,"column":9}},{"start":{"line":43,"column":15},"end":{"line":46,"column":9}}],"line":31},"2":{"loc":{"start":{"line":40,"column":69},"end":{"line":40,"column":89}},"type":"binary-expr","locations":[{"start":{"line":40,"column":69},"end":{"line":40,"column":83}},{"start":{"line":40,"column":87},"end":{"line":40,"column":89}}],"line":40},"3":{"loc":{"start":{"line":63,"column":15},"end":{"line":63,"column":28}},"type":"binary-expr","locations":[{"start":{"line":63,"column":15},"end":{"line":63,"column":22}},{"start":{"line":63,"column":26},"end":{"line":63,"column":28}}],"line":63},"4":{"loc":{"start":{"line":96,"column":4},"end":{"line":101,"column":5}},"type":"if","locations":[{"start":{"line":96,"column":4},"end":{"line":101,"column":5}},{"start":{},"end":{}}],"line":96}},"s":{"0":0,"1":0,"2":0,"3":0,"4":0,"5":0,"6":0,"7":0,"8":0,"9":0,"10":0,"11":0,"12":0,"13":0,"14":0,"15":0,"16":0,"17":0,"18":0,"19":0,"20":0,"21":0,"22":0,"23":0,"24":0,"25":0,"26":0,"27":0,"28":0,"29":0,"30":0,"31":0,"32":0,"33":0,"34":0,"35":0,"36":0,"37":0,"38":0,"39":0,"40":0,"41":0,"42":0,"43":0,"44":0,"45":0,"46":0,"47":0,"48":0,"49":0,"50":0},"f":{"0":0,"1":0,"2":0,"3":0,"4":0},"b":{"0":[0,0,0,0],"1":[0,0],"2":[0,0],"3":[0,0],"4":[0,0]}}
,"C:\\Users\\us#r\\Downloads\\New folder (2)\\backend\\routes\\auth.js": {"path":"C:\\Users\\us#r\\Downloads\\New folder (2)\\backend\\routes\\auth.js","statementMap":{"0":{"start":{"line":1,"column":16},"end":{"line":1,"column":34}},"1":{"start":{"line":2,"column":15},"end":{"line":2,"column":31}},"2":{"start":{"line":3,"column":35},"end":{"line":3,"column":63}},"3":{"start":{"line":4,"column":13},"end":{"line":4,"column":38}},"4":{"start":{"line":5,"column":40},"end":{"line":5,"column":69}},"5":{"start":{"line":74,"column":0},"end":{"line":124,"column":3}},"6":{"start":{"line":79,"column":2},"end":{"line":123,"column":3}},"7":{"start":{"line":80,"column":19},"end":{"line":80,"column":40}},"8":{"start":{"line":81,"column":4},"end":{"line":87,"column":5}},"9":{"start":{"line":82,"column":6},"end":{"line":86,"column":9}},"10":{"start":{"line":89,"column":38},"end":{"line":89,"column":46}},"11":{"start":{"line":92,"column":25},"end":{"line":92,"column":54}},"12":{"start":{"line":93,"column":4},"end":{"line":98,"column":5}},"13":{"start":{"line":94,"column":6},"end":{"line":97,"column":9}},"14":{"start":{"line":101,"column":17},"end":{"line":101,"column":61}},"15":{"start":{"line":102,"column":18},"end":{"line":102,"column":41}},"16":{"start":{"line":104,"column":4},"end":{"line":116,"column":7}},"17":{"start":{"line":118,"column":4},"end":{"line":118,"column":48}},"18":{"start":{"line":119,"column":4},"end":{"line":122,"column":7}},"19":{"start":{"line":186,"column":0},"end":{"line":251,"column":3}},"20":{"start":{"line":190,"column":2},"end":{"line":250,"column":3}},"21":{"start":{"line":191,"column":19},"end":{"line":191,"column":40}},"22":{"start":{"line":192,"column":4},"end":{"line":198,"column":5}},"23":{"start":{"line":193,"column":6},"end":{"line":197,"column":9}},"24":{"start":{"line":200,"column":32},"end":{"line":200,"column":40}},"25":{"start":{"line":203,"column":17},"end":{"line":203,"column":46}},"26":{"start":{"line":204,"column":4},"end":{"line":209,"column":5}},"27":{"start":{"line":205,"column":6},"end":{"line":208,"column":9}},"28":{"start":{"line":212,"column":4},"end":{"line":217,"column":5}},"29":{"start":{"line":213,"column":6},"end":{"line":216,"column":9}},"30":{"start":{"line":220,"column":28},"end":{"line":220,"column":64}},"31":{"start":{"line":221,"column":4},"end":{"line":226,"column":5}},"32":{"start":{"line":222,"column":6},"end":{"line":225,"column":9}},"33":{"start":{"line":229,"column":18},"end":{"line":229,"column":41}},"34":{"start":{"line":231,"column":4},"end":{"line":243,"column":7}},"35":{"start":{"line":245,"column":4},"end":{"line":245,"column":41}},"36":{"start":{"line":246,"column":4},"end":{"line":249,"column":7}},"37":{"start":{"line":290,"column":0},"end":{"line":305,"column":3}},"38":{"start":{"line":291,"column":2},"end":{"line":304,"column":3}},"39":{"start":{"line":292,"column":4},"end":{"line":297,"column":7}},"40":{"start":{"line":299,"column":4},"end":{"line":299,"column":44}},"41":{"start":{"line":300,"column":4},"end":{"line":303,"column":7}},"42":{"start":{"line":307,"column":0},"end":{"line":307,"column":24}}},"fnMap":{"0":{"name":"(anonymous_0)","decl":{"start":{"line":78,"column":3},"end":{"line":78,"column":4}},"loc":{"start":{"line":78,"column":23},"end":{"line":124,"column":1}},"line":78},"1":{"name":"(anonymous_1)","decl":{"start":{"line":189,"column":3},"end":{"line":189,"column":4}},"loc":{"start":{"line":189,"column":23},"end":{"line":251,"column":1}},"line":189},"2":{"name":"(anonymous_2)","decl":{"start":{"line":290,"column":32},"end":{"line":290,"column":33}},"loc":{"start":{"line":290,"column":52},"end":{"line":305,"column":1}},"line":290}},"branchMap":{"0":{"loc":{"start":{"line":81,"column":4},"end":{"line":87,"column":5}},"type":"if","locations":[{"start":{"line":81,"column":4},"end":{"line":87,"column":5}},{"start":{},"end":{}}],"line":81},"1":{"loc":{"start":{"line":93,"column":4},"end":{"line":98,"column":5}},"type":"if","locations":[{"start":{"line":93,"column":4},"end":{"line":98,"column":5}},{"start":{},"end":{}}],"line":93},"2":{"loc":{"start":{"line":192,"column":4},"end":{"line":198,"column":5}},"type":"if","locations":[{"start":{"line":192,"column":4},"end":{"line":198,"column":5}},{"start":{},"end":{}}],"line":192},"3":{"loc":{"start":{"line":204,"column":4},"end":{"line":209,"column":5}},"type":"if","locations":[{"start":{"line":204,"column":4},"end":{"line":209,"column":5}},{"start":{},"end":{}}],"line":204},"4":{"loc":{"start":{"line":212,"column":4},"end":{"line":217,"column":5}},"type":"if","locations":[{"start":{"line":212,"column":4},"end":{"line":217,"column":5}},{"start":{},"end":{}}],"line":212},"5":{"loc":{"start":{"line":221,"column":4},"end":{"line":226,"column":5}},"type":"if","locations":[{"start":{"line":221,"column":4},"end":{"line":226,"column":5}},{"start":{},"end":{}}],"line":221}},"s":{"0":0,"1":0,"2":0,"3":0,"4":0,"5":0,"6":0,"7":0,"8":0,"9":0,"10":0,"11":0,"12":0,"13":0,"14":0,"15":0,"16":0,"17":0,"18":0,"19":0,"20":0,"21":0,"22":0,"23":0,"24":0,"25":0,"26":0,"27":0,"28":0,"29":0,"30":0,"31":0,"32":0,"33":0,"34":0,"35":0,"36":0,"37":0,"38":0,"39":0,"40":0,"41":0,"42":0},"f":{"0":0,"1":0,"2":0},"b":{"0":[0,0],"1":[0,0],"2":[0,0],"3":[0,0],"4":[0,0],"5":[0,0]}}
,"C:\\Users\\us#r\\Downloads\\New folder (2)\\backend\\routes\\currency.js": {"path":"C:\\Users\\us#r\\Downloads\\New folder (2)\\backend\\routes\\currency.js","statementMap":{"0":{"start":{"line":1,"column":16},"end":{"line":1,"column":34}},"1":{"start":{"line":2,"column":15},"end":{"line":2,"column":31}},"2":{"start":{"line":3,"column":25},"end":{"line":3,"column":54}},"3":{"start":{"line":6,"column":22},"end":{"line":16,"column":1}},"4":{"start":{"line":19,"column":0},"end":{"line":56,"column":3}},"5":{"start":{"line":20,"column":2},"end":{"line":55,"column":3}},"6":{"start":{"line":21,"column":25},"end":{"line":21,"column":34}},"7":{"start":{"line":23,"column":4},"end":{"line":28,"column":5}},"8":{"start":{"line":24,"column":6},"end":{"line":27,"column":9}},"9":{"start":{"line":30,"column":4},"end":{"line":35,"column":5}},"10":{"start":{"line":31,"column":6},"end":{"line":34,"column":9}},"11":{"start":{"line":37,"column":17},"end":{"line":37,"column":40}},"12":{"start":{"line":39,"column":4},"end":{"line":47,"column":7}},"13":{"start":{"line":50,"column":4},"end":{"line":50,"column":49}},"14":{"start":{"line":51,"column":4},"end":{"line":54,"column":7}},"15":{"start":{"line":59,"column":0},"end":{"line":99,"column":3}},"16":{"start":{"line":60,"column":2},"end":{"line":98,"column":3}},"17":{"start":{"line":61,"column":33},"end":{"line":61,"column":41}},"18":{"start":{"line":63,"column":4},"end":{"line":68,"column":5}},"19":{"start":{"line":64,"column":6},"end":{"line":67,"column":9}},"20":{"start":{"line":70,"column":4},"end":{"line":75,"column":5}},"21":{"start":{"line":71,"column":6},"end":{"line":74,"column":9}},"22":{"start":{"line":77,"column":17},"end":{"line":77,"column":40}},"23":{"start":{"line":78,"column":28},"end":{"line":78,"column":53}},"24":{"start":{"line":80,"column":4},"end":{"line":90,"column":7}},"25":{"start":{"line":93,"column":4},"end":{"line":93,"column":55}},"26":{"start":{"line":94,"column":4},"end":{"line":97,"column":7}},"27":{"start":{"line":102,"column":0},"end":{"line":121,"column":3}},"28":{"start":{"line":103,"column":2},"end":{"line":120,"column":3}},"29":{"start":{"line":104,"column":23},"end":{"line":107,"column":7}},"30":{"start":{"line":104,"column":63},"end":{"line":107,"column":5}},"31":{"start":{"line":109,"column":4},"end":{"line":112,"column":7}},"32":{"start":{"line":115,"column":4},"end":{"line":115,"column":51}},"33":{"start":{"line":116,"column":4},"end":{"line":119,"column":7}},"34":{"start":{"line":124,"column":16},"end":{"line":134,"column":3}},"35":{"start":{"line":135,"column":2},"end":{"line":135,"column":29}},"36":{"start":{"line":138,"column":0},"end":{"line":138,"column":24}}},"fnMap":{"0":{"name":"(anonymous_0)","decl":{"start":{"line":19,"column":34},"end":{"line":19,"column":35}},"loc":{"start":{"line":19,"column":54},"end":{"line":56,"column":1}},"line":19},"1":{"name":"(anonymous_1)","decl":{"start":{"line":59,"column":38},"end":{"line":59,"column":39}},"loc":{"start":{"line":59,"column":58},"end":{"line":99,"column":1}},"line":59},"2":{"name":"(anonymous_2)","decl":{"start":{"line":102,"column":40},"end":{"line":102,"column":41}},"loc":{"start":{"line":102,"column":60},"end":{"line":121,"column":1}},"line":102},"3":{"name":"(anonymous_3)","decl":{"start":{"line":104,"column":54},"end":{"line":104,"column":55}},"loc":{"start":{"line":104,"column":63},"end":{"line":107,"column":5}},"line":104},"4":{"name":"getCurrencyName","decl":{"start":{"line":123,"column":9},"end":{"line":123,"column":24}},"loc":{"start":{"line":123,"column":31},"end":{"line":136,"column":1}},"line":123}},"branchMap":{"0":{"loc":{"start":{"line":23,"column":4},"end":{"line":28,"column":5}},"type":"if","locations":[{"start":{"line":23,"column":4},"end":{"line":28,"column":5}},{"start":{},"end":{}}],"line":23},"1":{"loc":{"start":{"line":23,"column":8},"end":{"line":23,"column":20}},"type":"binary-expr","locations":[{"start":{"line":23,"column":8},"end":{"line":23,"column":13}},{"start":{"line":23,"column":17},"end":{"line":23,"column":20}}],"line":23},"2":{"loc":{"start":{"line":30,"column":4},"end":{"line":35,"column":5}},"type":"if","locations":[{"start":{"line":30,"column":4},"end":{"line":35,"column":5}},{"start":{},"end":{}}],"line":30},"3":{"loc":{"start":{"line":30,"column":8},"end":{"line":30,"column":56}},"type":"binary-expr","locations":[{"start":{"line":30,"column":8},"end":{"line":30,"column":28}},{"start":{"line":30,"column":32},"end":{"line":30,"column":56}}],"line":30},"4":{"loc":{"start":{"line":63,"column":4},"end":{"line":68,"column":5}},"type":"if","locations":[{"start":{"line":63,"column":4},"end":{"line":68,"column":5}},{"start":{},"end":{}}],"line":63},"5":{"loc":{"start":{"line":63,"column":8},"end":{"line":63,"column":31}},"type":"binary-expr","locations":[{"start":{"line":63,"column":8},"end":{"line":63,"column":15}},{"start":{"line":63,"column":19},"end":{"line":63,"column":24}},{"start":{"line":63,"column":28},"end":{"line":63,"column":31}}],"line":63},"6":{"loc":{"start":{"line":70,"column":4},"end":{"line":75,"column":5}},"type":"if","locations":[{"start":{"line":70,"column":4},"end":{"line":75,"column":5}},{"start":{},"end":{}}],"line":70},"7":{"loc":{"start":{"line":70,"column":8},"end":{"line":70,"column":56}},"type":"binary-expr","locations":[{"start":{"line":70,"column":8},"end":{"line":70,"column":28}},{"start":{"line":70,"column":32},"end":{"line":70,"column":56}}],"line":70},"8":{"loc":{"start":{"line":135,"column":9},"end":{"line":135,"column":28}},"type":"binary-expr","locations":[{"start":{"line":135,"column":9},"end":{"line":135,"column":20}},{"start":{"line":135,"column":24},"end":{"line":135,"column":28}}],"line":135}},"s":{"0":0,"1":0,"2":0,"3":0,"4":0,"5":0,"6":0,"7":0,"8":0,"9":0,"10":0,"11":0,"12":0,"13":0,"14":0,"15":0,"16":0,"17":0,"18":0,"19":0,"20":0,"21":0,"22":0,"23":0,"24":0,"25":0,"26":0,"27":0,"28":0,"29":0,"30":0,"31":0,"32":0,"33":0,"34":0,"35":0,"36":0},"f":{"0":0,"1":0,"2":0,"3":0,"4":0},"b":{"0":[0,0],"1":[0,0],"2":[0,0],"3":[0,0],"4":[0,0],"5":[0,0,0],"6":[0,0],"7":[0,0],"8":[0,0]}}
,"C:\\Users\\us#r\\Downloads\\New folder (2)\\backend\\routes\\dashboard.js": {"path":"C:\\Users\\us#r\\Downloads\\New folder (2)\\backend\\routes\\dashboard.js","statementMap":{"0":{"start":{"line":1,"column":16},"end":{"line":1,"column":34}},"1":{"start":{"line":2,"column":15},"end":{"line":2,"column":31}},"2":{"start":{"line":3,"column":16},"end":{"line":3,"column":44}},"3":{"start":{"line":4,"column":13},"end":{"line":4,"column":38}},"4":{"start":{"line":5,"column":25},"end":{"line":5,"column":54}},"5":{"start":{"line":7,"column":0},"end":{"line":7,"column":25}},"6":{"start":{"line":10,"column":0},"end":{"line":48,"column":3}},"7":{"start":{"line":11,"column":2},"end":{"line":47,"column":3}},"8":{"start":{"line":12,"column":4},"end":{"line":17,"column":5}},"9":{"start":{"line":13,"column":6},"end":{"line":16,"column":9}},"10":{"start":{"line":19,"column":26},"end":{"line":19,"column":56}},"11":{"start":{"line":20,"column":23},"end":{"line":20,"column":66}},"12":{"start":{"line":22,"column":21},"end":{"line":22,"column":41}},"13":{"start":{"line":23,"column":25},"end":{"line":23,"column":104}},"14":{"start":{"line":23,"column":55},"end":{"line":23,"column":100}},"15":{"start":{"line":25,"column":27},"end":{"line":28,"column":16}},"16":{"start":{"line":30,"column":4},"end":{"line":40,"column":7}},"17":{"start":{"line":42,"column":4},"end":{"line":42,"column":51}},"18":{"start":{"line":43,"column":4},"end":{"line":46,"column":7}},"19":{"start":{"line":51,"column":0},"end":{"line":81,"column":3}},"20":{"start":{"line":52,"column":2},"end":{"line":80,"column":3}},"21":{"start":{"line":53,"column":26},"end":{"line":53,"column":78}},"22":{"start":{"line":55,"column":25},"end":{"line":55,"column":67}},"23":{"start":{"line":56,"column":25},"end":{"line":56,"column":108}},"24":{"start":{"line":56,"column":59},"end":{"line":56,"column":104}},"25":{"start":{"line":57,"column":26},"end":{"line":57,"column":109}},"26":{"start":{"line":57,"column":60},"end":{"line":57,"column":105}},"27":{"start":{"line":59,"column":27},"end":{"line":61,"column":16}},"28":{"start":{"line":63,"column":4},"end":{"line":73,"column":7}},"29":{"start":{"line":75,"column":4},"end":{"line":75,"column":50}},"30":{"start":{"line":76,"column":4},"end":{"line":79,"column":7}},"31":{"start":{"line":83,"column":0},"end":{"line":83,"column":24}}},"fnMap":{"0":{"name":"(anonymous_0)","decl":{"start":{"line":10,"column":21},"end":{"line":10,"column":22}},"loc":{"start":{"line":10,"column":41},"end":{"line":48,"column":1}},"line":10},"1":{"name":"(anonymous_1)","decl":{"start":{"line":23,"column":41},"end":{"line":23,"column":42}},"loc":{"start":{"line":23,"column":55},"end":{"line":23,"column":100}},"line":23},"2":{"name":"(anonymous_2)","decl":{"start":{"line":51,"column":20},"end":{"line":51,"column":21}},"loc":{"start":{"line":51,"column":40},"end":{"line":81,"column":1}},"line":51},"3":{"name":"(anonymous_3)","decl":{"start":{"line":56,"column":45},"end":{"line":56,"column":46}},"loc":{"start":{"line":56,"column":59},"end":{"line":56,"column":104}},"line":56},"4":{"name":"(anonymous_4)","decl":{"start":{"line":57,"column":46},"end":{"line":57,"column":47}},"loc":{"start":{"line":57,"column":60},"end":{"line":57,"column":105}},"line":57}},"branchMap":{"0":{"loc":{"start":{"line":12,"column":4},"end":{"line":17,"column":5}},"type":"if","locations":[{"start":{"line":12,"column":4},"end":{"line":17,"column":5}},{"start":{},"end":{}}],"line":12},"1":{"loc":{"start":{"line":23,"column":62},"end":{"line":23,"column":99}},"type":"cond-expr","locations":[{"start":{"line":23,"column":86},"end":{"line":23,"column":95}},{"start":{"line":23,"column":98},"end":{"line":23,"column":99}}],"line":23},"2":{"loc":{"start":{"line":56,"column":66},"end":{"line":56,"column":103}},"type":"cond-expr","locations":[{"start":{"line":56,"column":90},"end":{"line":56,"column":99}},{"start":{"line":56,"column":102},"end":{"line":56,"column":103}}],"line":56},"3":{"loc":{"start":{"line":57,"column":67},"end":{"line":57,"column":104}},"type":"cond-expr","locations":[{"start":{"line":57,"column":91},"end":{"line":57,"column":100}},{"start":{"line":57,"column":103},"end":{"line":57,"column":104}}],"line":57}},"s":{"0":0,"1":0,"2":0,"3":0,"4":0,"5":0,"6":0,"7":0,"8":0,"9":0,"10":0,"11":0,"12":0,"13":0,"14":0,"15":0,"16":0,"17":0,"18":0,"19":0,"20":0,"21":0,"22":0,"23":0,"24":0,"25":0,"26":0,"27":0,"28":0,"29":0,"30":0,"31":0},"f":{"0":0,"1":0,"2":0,"3":0,"4":0},"b":{"0":[0,0],"1":[0,0],"2":[0,0],"3":[0,0]}}
,"C:\\Users\\us#r\\Downloads\\New folder (2)\\backend\\routes\\discountCodes.js": {"path":"C:\\Users\\us#r\\Downloads\\New folder (2)\\backend\\routes\\discountCodes.js","statementMap":{"0":{"start":{"line":1,"column":16},"end":{"line":1,"column":34}},"1":{"start":{"line":2,"column":15},"end":{"line":2,"column":31}},"2":{"start":{"line":3,"column":35},"end":{"line":3,"column":63}},"3":{"start":{"line":4,"column":21},"end":{"line":4,"column":54}},"4":{"start":{"line":5,"column":34},"end":{"line":5,"column":63}},"5":{"start":{"line":8,"column":0},"end":{"line":8,"column":25}},"6":{"start":{"line":9,"column":0},"end":{"line":9,"column":20}},"7":{"start":{"line":12,"column":0},"end":{"line":27,"column":3}},"8":{"start":{"line":13,"column":2},"end":{"line":26,"column":3}},"9":{"start":{"line":14,"column":18},"end":{"line":14,"column":67}},"10":{"start":{"line":16,"column":4},"end":{"line":19,"column":7}},"11":{"start":{"line":21,"column":4},"end":{"line":21,"column":54}},"12":{"start":{"line":22,"column":4},"end":{"line":25,"column":7}},"13":{"start":{"line":30,"column":0},"end":{"line":52,"column":3}},"14":{"start":{"line":31,"column":2},"end":{"line":51,"column":3}},"15":{"start":{"line":32,"column":17},"end":{"line":32,"column":59}},"16":{"start":{"line":34,"column":4},"end":{"line":39,"column":5}},"17":{"start":{"line":35,"column":6},"end":{"line":38,"column":9}},"18":{"start":{"line":41,"column":4},"end":{"line":44,"column":7}},"19":{"start":{"line":46,"column":4},"end":{"line":46,"column":53}},"20":{"start":{"line":47,"column":4},"end":{"line":50,"column":7}},"21":{"start":{"line":55,"column":0},"end":{"line":110,"column":3}},"22":{"start":{"line":56,"column":2},"end":{"line":109,"column":3}},"23":{"start":{"line":57,"column":31},"end":{"line":57,"column":39}},"24":{"start":{"line":59,"column":4},"end":{"line":64,"column":5}},"25":{"start":{"line":60,"column":6},"end":{"line":63,"column":9}},"26":{"start":{"line":66,"column":4},"end":{"line":71,"column":5}},"27":{"start":{"line":67,"column":6},"end":{"line":70,"column":9}},"28":{"start":{"line":73,"column":25},"end":{"line":75,"column":6}},"29":{"start":{"line":77,"column":4},"end":{"line":82,"column":5}},"30":{"start":{"line":78,"column":6},"end":{"line":81,"column":9}},"31":{"start":{"line":84,"column":23},"end":{"line":84,"column":45}},"32":{"start":{"line":85,"column":4},"end":{"line":90,"column":5}},"33":{"start":{"line":86,"column":6},"end":{"line":89,"column":9}},"34":{"start":{"line":92,"column":21},"end":{"line":92,"column":61}},"35":{"start":{"line":94,"column":4},"end":{"line":102,"column":7}},"36":{"start":{"line":104,"column":4},"end":{"line":104,"column":58}},"37":{"start":{"line":105,"column":4},"end":{"line":108,"column":7}},"38":{"start":{"line":113,"column":0},"end":{"line":170,"column":3}},"39":{"start":{"line":118,"column":2},"end":{"line":169,"column":3}},"40":{"start":{"line":119,"column":19},"end":{"line":119,"column":40}},"41":{"start":{"line":120,"column":4},"end":{"line":126,"column":5}},"42":{"start":{"line":121,"column":6},"end":{"line":125,"column":9}},"43":{"start":{"line":128,"column":88},"end":{"line":128,"column":96}},"44":{"start":{"line":131,"column":22},"end":{"line":131,"column":47}},"45":{"start":{"line":134,"column":25},"end":{"line":134,"column":72}},"46":{"start":{"line":135,"column":4},"end":{"line":140,"column":5}},"47":{"start":{"line":136,"column":6},"end":{"line":139,"column":9}},"48":{"start":{"line":142,"column":25},"end":{"line":150,"column":6}},"49":{"start":{"line":152,"column":4},"end":{"line":156,"column":7}},"50":{"start":{"line":158,"column":4},"end":{"line":158,"column":56}},"51":{"start":{"line":159,"column":4},"end":{"line":164,"column":5}},"52":{"start":{"line":160,"column":6},"end":{"line":163,"column":9}},"53":{"start":{"line":165,"column":4},"end":{"line":168,"column":7}},"54":{"start":{"line":173,"column":0},"end":{"line":218,"column":3}},"55":{"start":{"line":176,"column":2},"end":{"line":217,"column":3}},"56":{"start":{"line":177,"column":19},"end":{"line":177,"column":40}},"57":{"start":{"line":178,"column":4},"end":{"line":184,"column":5}},"58":{"start":{"line":179,"column":6},"end":{"line":183,"column":9}},"59":{"start":{"line":186,"column":17},"end":{"line":186,"column":59}},"60":{"start":{"line":188,"column":4},"end":{"line":193,"column":5}},"61":{"start":{"line":189,"column":6},"end":{"line":192,"column":9}},"62":{"start":{"line":195,"column":82},"end":{"line":195,"column":90}},"63":{"start":{"line":197,"column":4},"end":{"line":197,"column":63}},"64":{"start":{"line":197,"column":34},"end":{"line":197,"column":63}},"65":{"start":{"line":198,"column":4},"end":{"line":198,"column":66}},"66":{"start":{"line":198,"column":35},"end":{"line":198,"column":66}},"67":{"start":{"line":199,"column":4},"end":{"line":199,"column":70}},"68":{"start":{"line":199,"column":33},"end":{"line":199,"column":70}},"69":{"start":{"line":200,"column":4},"end":{"line":200,"column":98}},"70":{"start":{"line":200,"column":34},"end":{"line":200,"column":98}},"71":{"start":{"line":201,"column":4},"end":{"line":201,"column":62}},"72":{"start":{"line":201,"column":31},"end":{"line":201,"column":62}},"73":{"start":{"line":202,"column":4},"end":{"line":202,"column":57}},"74":{"start":{"line":202,"column":32},"end":{"line":202,"column":57}},"75":{"start":{"line":204,"column":4},"end":{"line":204,"column":22}},"76":{"start":{"line":206,"column":4},"end":{"line":210,"column":7}},"77":{"start":{"line":212,"column":4},"end":{"line":212,"column":56}},"78":{"start":{"line":213,"column":4},"end":{"line":216,"column":7}},"79":{"start":{"line":221,"column":0},"end":{"line":245,"column":3}},"80":{"start":{"line":222,"column":2},"end":{"line":244,"column":3}},"81":{"start":{"line":223,"column":17},"end":{"line":223,"column":59}},"82":{"start":{"line":225,"column":4},"end":{"line":230,"column":5}},"83":{"start":{"line":226,"column":6},"end":{"line":229,"column":9}},"84":{"start":{"line":232,"column":4},"end":{"line":232,"column":56}},"85":{"start":{"line":234,"column":4},"end":{"line":237,"column":7}},"86":{"start":{"line":239,"column":4},"end":{"line":239,"column":56}},"87":{"start":{"line":240,"column":4},"end":{"line":243,"column":7}},"88":{"start":{"line":247,"column":0},"end":{"line":247,"column":24}}},"fnMap":{"0":{"name":"(anonymous_0)","decl":{"start":{"line":12,"column":16},"end":{"line":12,"column":17}},"loc":{"start":{"line":12,"column":36},"end":{"line":27,"column":1}},"line":12},"1":{"name":"(anonymous_1)","decl":{"start":{"line":30,"column":19},"end":{"line":30,"column":20}},"loc":{"start":{"line":30,"column":39},"end":{"line":52,"column":1}},"line":30},"2":{"name":"(anonymous_2)","decl":{"start":{"line":55,"column":39},"end":{"line":55,"column":40}},"loc":{"start":{"line":55,"column":59},"end":{"line":110,"column":1}},"line":55},"3":{"name":"(anonymous_3)","decl":{"start":{"line":117,"column":3},"end":{"line":117,"column":4}},"loc":{"start":{"line":117,"column":23},"end":{"line":170,"column":1}},"line":117},"4":{"name":"(anonymous_4)","decl":{"start":{"line":175,"column":3},"end":{"line":175,"column":4}},"loc":{"start":{"line":175,"column":23},"end":{"line":218,"column":1}},"line":175},"5":{"name":"(anonymous_5)","decl":{"start":{"line":221,"column":22},"end":{"line":221,"column":23}},"loc":{"start":{"line":221,"column":42},"end":{"line":245,"column":1}},"line":221}},"branchMap":{"0":{"loc":{"start":{"line":34,"column":4},"end":{"line":39,"column":5}},"type":"if","locations":[{"start":{"line":34,"column":4},"end":{"line":39,"column":5}},{"start":{},"end":{}}],"line":34},"1":{"loc":{"start":{"line":59,"column":4},"end":{"line":64,"column":5}},"type":"if","locations":[{"start":{"line":59,"column":4},"end":{"line":64,"column":5}},{"start":{},"end":{}}],"line":59},"2":{"loc":{"start":{"line":66,"column":4},"end":{"line":71,"column":5}},"type":"if","locations":[{"start":{"line":66,"column":4},"end":{"line":71,"column":5}},{"start":{},"end":{}}],"line":66},"3":{"loc":{"start":{"line":66,"column":8},"end":{"line":66,"column":34}},"type":"binary-expr","locations":[{"start":{"line":66,"column":8},"end":{"line":66,"column":17}},{"start":{"line":66,"column":21},"end":{"line":66,"column":34}}],"line":66},"4":{"loc":{"start":{"line":77,"column":4},"end":{"line":82,"column":5}},"type":"if","locations":[{"start":{"line":77,"column":4},"end":{"line":82,"column":5}},{"start":{},"end":{}}],"line":77},"5":{"loc":{"start":{"line":85,"column":4},"end":{"line":90,"column":5}},"type":"if","locations":[{"start":{"line":85,"column":4},"end":{"line":90,"column":5}},{"start":{},"end":{}}],"line":85},"6":{"loc":{"start":{"line":120,"column":4},"end":{"line":126,"column":5}},"type":"if","locations":[{"start":{"line":120,"column":4},"end":{"line":126,"column":5}},{"start":{},"end":{}}],"line":120},"7":{"loc":{"start":{"line":135,"column":4},"end":{"line":140,"column":5}},"type":"if","locations":[{"start":{"line":135,"column":4},"end":{"line":140,"column":5}},{"start":{},"end":{}}],"line":135},"8":{"loc":{"start":{"line":146,"column":17},"end":{"line":146,"column":61}},"type":"cond-expr","locations":[{"start":{"line":146,"column":29},"end":{"line":146,"column":48}},{"start":{"line":146,"column":51},"end":{"line":146,"column":61}}],"line":146},"9":{"loc":{"start":{"line":147,"column":18},"end":{"line":147,"column":63}},"type":"cond-expr","locations":[{"start":{"line":147,"column":31},"end":{"line":147,"column":51}},{"start":{"line":147,"column":54},"end":{"line":147,"column":63}}],"line":147},"10":{"loc":{"start":{"line":148,"column":15},"end":{"line":148,"column":30}},"type":"binary-expr","locations":[{"start":{"line":148,"column":15},"end":{"line":148,"column":22}},{"start":{"line":148,"column":26},"end":{"line":148,"column":30}}],"line":148},"11":{"loc":{"start":{"line":149,"column":16},"end":{"line":149,"column":56}},"type":"cond-expr","locations":[{"start":{"line":149,"column":41},"end":{"line":149,"column":49}},{"start":{"line":149,"column":52},"end":{"line":149,"column":56}}],"line":149},"12":{"loc":{"start":{"line":159,"column":4},"end":{"line":164,"column":5}},"type":"if","locations":[{"start":{"line":159,"column":4},"end":{"line":164,"column":5}},{"start":{},"end":{}}],"line":159},"13":{"loc":{"start":{"line":178,"column":4},"end":{"line":184,"column":5}},"type":"if","locations":[{"start":{"line":178,"column":4},"end":{"line":184,"column":5}},{"start":{},"end":{}}],"line":178},"14":{"loc":{"start":{"line":188,"column":4},"end":{"line":193,"column":5}},"type":"if","locations":[{"start":{"line":188,"column":4},"end":{"line":193,"column":5}},{"start":{},"end":{}}],"line":188},"15":{"loc":{"start":{"line":197,"column":4},"end":{"line":197,"column":63}},"type":"if","locations":[{"start":{"line":197,"column":4},"end":{"line":197,"column":63}},{"start":{},"end":{}}],"line":197},"16":{"loc":{"start":{"line":198,"column":4},"end":{"line":198,"column":66}},"type":"if","locations":[{"start":{"line":198,"column":4},"end":{"line":198,"column":66}},{"start":{},"end":{}}],"line":198},"17":{"loc":{"start":{"line":199,"column":4},"end":{"line":199,"column":70}},"type":"if","locations":[{"start":{"line":199,"column":4},"end":{"line":199,"column":70}},{"start":{},"end":{}}],"line":199},"18":{"loc":{"start":{"line":200,"column":4},"end":{"line":200,"column":98}},"type":"if","locations":[{"start":{"line":200,"column":4},"end":{"line":200,"column":98}},{"start":{},"end":{}}],"line":200},"19":{"loc":{"start":{"line":200,"column":52},"end":{"line":200,"column":97}},"type":"cond-expr","locations":[{"start":{"line":200,"column":65},"end":{"line":200,"column":85}},{"start":{"line":200,"column":88},"end":{"line":200,"column":97}}],"line":200},"20":{"loc":{"start":{"line":201,"column":4},"end":{"line":201,"column":62}},"type":"if","locations":[{"start":{"line":201,"column":4},"end":{"line":201,"column":62}},{"start":{},"end":{}}],"line":201},"21":{"loc":{"start":{"line":201,"column":46},"end":{"line":201,"column":61}},"type":"binary-expr","locations":[{"start":{"line":201,"column":46},"end":{"line":201,"column":53}},{"start":{"line":201,"column":57},"end":{"line":201,"column":61}}],"line":201},"22":{"loc":{"start":{"line":202,"column":4},"end":{"line":202,"column":57}},"type":"if","locations":[{"start":{"line":202,"column":4},"end":{"line":202,"column":57}},{"start":{},"end":{}}],"line":202},"23":{"loc":{"start":{"line":225,"column":4},"end":{"line":230,"column":5}},"type":"if","locations":[{"start":{"line":225,"column":4},"end":{"line":230,"column":5}},{"start":{},"end":{}}],"line":225}},"s":{"0":0,"1":0,"2":0,"3":0,"4":0,"5":0,"6":0,"7":0,"8":0,"9":0,"10":0,"11":0,"12":0,"13":0,"14":0,"15":0,"16":0,"17":0,"18":0,"19":0,"20":0,"21":0,"22":0,"23":0,"24":0,"25":0,"26":0,"27":0,"28":0,"29":0,"30":0,"31":0,"32":0,"33":0,"34":0,"35":0,"36":0,"37":0,"38":0,"39":0,"40":0,"41":0,"42":0,"43":0,"44":0,"45":0,"46":0,"47":0,"48":0,"49":0,"50":0,"51":0,"52":0,"53":0,"54":0,"55":0,"56":0,"57":0,"58":0,"59":0,"60":0,"61":0,"62":0,"63":0,"64":0,"65":0,"66":0,"67":0,"68":0,"69":0,"70":0,"71":0,"72":0,"73":0,"74":0,"75":0,"76":0,"77":0,"78":0,"79":0,"80":0,"81":0,"82":0,"83":0,"84":0,"85":0,"86":0,"87":0,"88":0},"f":{"0":0,"1":0,"2":0,"3":0,"4":0,"5":0},"b":{"0":[0,0],"1":[0,0],"2":[0,0],"3":[0,0],"4":[0,0],"5":[0,0],"6":[0,0],"7":[0,0],"8":[0,0],"9":[0,0],"10":[0,0],"11":[0,0],"12":[0,0],"13":[0,0],"14":[0,0],"15":[0,0],"16":[0,0],"17":[0,0],"18":[0,0],"19":[0,0],"20":[0,0],"21":[0,0],"22":[0,0],"23":[0,0]}}
,"C:\\Users\\us#r\\Downloads\\New folder (2)\\backend\\routes\\email.js": {"path":"C:\\Users\\us#r\\Downloads\\New folder (2)\\backend\\routes\\email.js","statementMap":{"0":{"start":{"line":1,"column":16},"end":{"line":1,"column":34}},"1":{"start":{"line":2,"column":15},"end":{"line":2,"column":31}},"2":{"start":{"line":3,"column":19},"end":{"line":3,"column":40}},"3":{"start":{"line":4,"column":22},"end":{"line":4,"column":56}},"4":{"start":{"line":5,"column":16},"end":{"line":5,"column":44}},"5":{"start":{"line":6,"column":25},"end":{"line":6,"column":54}},"6":{"start":{"line":9,"column":20},"end":{"line":15,"column":2}},"7":{"start":{"line":18,"column":0},"end":{"line":125,"column":3}},"8":{"start":{"line":19,"column":2},"end":{"line":124,"column":3}},"9":{"start":{"line":20,"column":42},"end":{"line":20,"column":50}},"10":{"start":{"line":22,"column":20},"end":{"line":25,"column":37}},"11":{"start":{"line":27,"column":4},"end":{"line":32,"column":5}},"12":{"start":{"line":28,"column":6},"end":{"line":31,"column":9}},"13":{"start":{"line":36,"column":4},"end":{"line":41,"column":5}},"14":{"start":{"line":37,"column":6},"end":{"line":40,"column":9}},"15":{"start":{"line":44,"column":4},"end":{"line":46,"column":5}},"16":{"start":{"line":45,"column":6},"end":{"line":45,"column":88}},"17":{"start":{"line":48,"column":4},"end":{"line":54,"column":5}},"18":{"start":{"line":50,"column":6},"end":{"line":53,"column":8}},"19":{"start":{"line":57,"column":20},"end":{"line":60,"column":54}},"20":{"start":{"line":62,"column":17},"end":{"line":67,"column":53}},"21":{"start":{"line":70,"column":24},"end":{"line":76,"column":5}},"22":{"start":{"line":79,"column":4},"end":{"line":99,"column":5}},"23":{"start":{"line":80,"column":6},"end":{"line":84,"column":9}},"24":{"start":{"line":87,"column":6},"end":{"line":87,"column":30}},"25":{"start":{"line":88,"column":6},"end":{"line":88,"column":39}},"26":{"start":{"line":89,"column":6},"end":{"line":89,"column":27}},"27":{"start":{"line":91,"column":6},"end":{"line":98,"column":9}},"28":{"start":{"line":102,"column":4},"end":{"line":102,"column":44}},"29":{"start":{"line":105,"column":4},"end":{"line":105,"column":28}},"30":{"start":{"line":106,"column":4},"end":{"line":106,"column":37}},"31":{"start":{"line":107,"column":4},"end":{"line":107,"column":25}},"32":{"start":{"line":109,"column":4},"end":{"line":116,"column":7}},"33":{"start":{"line":119,"column":4},"end":{"line":119,"column":46}},"34":{"start":{"line":120,"column":4},"end":{"line":123,"column":7}},"35":{"start":{"line":128,"column":0},"end":{"line":146,"column":3}},"36":{"start":{"line":129,"column":2},"end":{"line":145,"column":3}},"37":{"start":{"line":130,"column":22},"end":{"line":132,"column":30}},"38":{"start":{"line":134,"column":4},"end":{"line":137,"column":7}},"39":{"start":{"line":140,"column":4},"end":{"line":140,"column":51}},"40":{"start":{"line":141,"column":4},"end":{"line":144,"column":7}},"41":{"start":{"line":149,"column":0},"end":{"line":175,"column":3}},"42":{"start":{"line":150,"column":2},"end":{"line":174,"column":3}},"43":{"start":{"line":151,"column":53},"end":{"line":151,"column":61}},"44":{"start":{"line":153,"column":21},"end":{"line":160,"column":6}},"45":{"start":{"line":162,"column":4},"end":{"line":166,"column":7}},"46":{"start":{"line":169,"column":4},"end":{"line":169,"column":51}},"47":{"start":{"line":170,"column":4},"end":{"line":173,"column":7}},"48":{"start":{"line":178,"column":0},"end":{"line":237,"column":3}},"49":{"start":{"line":179,"column":2},"end":{"line":236,"column":3}},"50":{"start":{"line":180,"column":4},"end":{"line":185,"column":5}},"51":{"start":{"line":181,"column":6},"end":{"line":184,"column":9}},"52":{"start":{"line":187,"column":29},"end":{"line":212,"column":5}},"53":{"start":{"line":214,"column":29},"end":{"line":214,"column":31}},"54":{"start":{"line":215,"column":4},"end":{"line":222,"column":5}},"55":{"start":{"line":216,"column":6},"end":{"line":221,"column":7}},"56":{"start":{"line":217,"column":25},"end":{"line":217,"column":65}},"57":{"start":{"line":218,"column":8},"end":{"line":218,"column":40}},"58":{"start":{"line":220,"column":8},"end":{"line":220,"column":69}},"59":{"start":{"line":224,"column":4},"end":{"line":228,"column":7}},"60":{"start":{"line":231,"column":4},"end":{"line":231,"column":56}},"61":{"start":{"line":232,"column":4},"end":{"line":235,"column":7}},"62":{"start":{"line":239,"column":0},"end":{"line":239,"column":24}}},"fnMap":{"0":{"name":"(anonymous_0)","decl":{"start":{"line":18,"column":54},"end":{"line":18,"column":55}},"loc":{"start":{"line":18,"column":74},"end":{"line":125,"column":1}},"line":18},"1":{"name":"(anonymous_1)","decl":{"start":{"line":128,"column":39},"end":{"line":128,"column":40}},"loc":{"start":{"line":128,"column":59},"end":{"line":146,"column":1}},"line":128},"2":{"name":"(anonymous_2)","decl":{"start":{"line":149,"column":40},"end":{"line":149,"column":41}},"loc":{"start":{"line":149,"column":60},"end":{"line":175,"column":1}},"line":149},"3":{"name":"(anonymous_3)","decl":{"start":{"line":178,"column":45},"end":{"line":178,"column":46}},"loc":{"start":{"line":178,"column":65},"end":{"line":237,"column":1}},"line":178}},"branchMap":{"0":{"loc":{"start":{"line":12,"column":10},"end":{"line":12,"column":58}},"type":"binary-expr","locations":[{"start":{"line":12,"column":10},"end":{"line":12,"column":32}},{"start":{"line":12,"column":36},"end":{"line":12,"column":58}}],"line":12},"1":{"loc":{"start":{"line":13,"column":10},"end":{"line":13,"column":55}},"type":"binary-expr","locations":[{"start":{"line":13,"column":10},"end":{"line":13,"column":32}},{"start":{"line":13,"column":36},"end":{"line":13,"column":55}}],"line":13},"2":{"loc":{"start":{"line":27,"column":4},"end":{"line":32,"column":5}},"type":"if","locations":[{"start":{"line":27,"column":4},"end":{"line":32,"column":5}},{"start":{},"end":{}}],"line":27},"3":{"loc":{"start":{"line":36,"column":4},"end":{"line":41,"column":5}},"type":"if","locations":[{"start":{"line":36,"column":4},"end":{"line":41,"column":5}},{"start":{},"end":{}}],"line":36},"4":{"loc":{"start":{"line":44,"column":4},"end":{"line":46,"column":5}},"type":"if","locations":[{"start":{"line":44,"column":4},"end":{"line":46,"column":5}},{"start":{},"end":{}}],"line":44},"5":{"loc":{"start":{"line":48,"column":4},"end":{"line":54,"column":5}},"type":"if","locations":[{"start":{"line":48,"column":4},"end":{"line":54,"column":5}},{"start":{},"end":{}}],"line":48},"6":{"loc":{"start":{"line":62,"column":18},"end":{"line":62,"column":37}},"type":"binary-expr","locations":[{"start":{"line":62,"column":18},"end":{"line":62,"column":31}},{"start":{"line":62,"column":35},"end":{"line":62,"column":37}}],"line":62},"7":{"loc":{"start":{"line":66,"column":31},"end":{"line":66,"column":112}},"type":"cond-expr","locations":[{"start":{"line":66,"column":49},"end":{"line":66,"column":95}},{"start":{"line":66,"column":98},"end":{"line":66,"column":112}}],"line":66},"8":{"loc":{"start":{"line":71,"column":12},"end":{"line":71,"column":62}},"type":"binary-expr","locations":[{"start":{"line":71,"column":12},"end":{"line":71,"column":34}},{"start":{"line":71,"column":38},"end":{"line":71,"column":62}}],"line":71},"9":{"loc":{"start":{"line":79,"column":4},"end":{"line":99,"column":5}},"type":"if","locations":[{"start":{"line":79,"column":4},"end":{"line":99,"column":5}},{"start":{},"end":{}}],"line":79},"10":{"loc":{"start":{"line":158,"column":17},"end":{"line":158,"column":32}},"type":"binary-expr","locations":[{"start":{"line":158,"column":17},"end":{"line":158,"column":26}},{"start":{"line":158,"column":30},"end":{"line":158,"column":32}}],"line":158},"11":{"loc":{"start":{"line":180,"column":4},"end":{"line":185,"column":5}},"type":"if","locations":[{"start":{"line":180,"column":4},"end":{"line":185,"column":5}},{"start":{},"end":{}}],"line":180}},"s":{"0":0,"1":0,"2":0,"3":0,"4":0,"5":0,"6":0,"7":0,"8":0,"9":0,"10":0,"11":0,"12":0,"13":0,"14":0,"15":0,"16":0,"17":0,"18":0,"19":0,"20":0,"21":0,"22":0,"23":0,"24":0,"25":0,"26":0,"27":0,"28":0,"29":0,"30":0,"31":0,"32":0,"33":0,"34":0,"35":0,"36":0,"37":0,"38":0,"39":0,"40":0,"41":0,"42":0,"43":0,"44":0,"45":0,"46":0,"47":0,"48":0,"49":0,"50":0,"51":0,"52":0,"53":0,"54":0,"55":0,"56":0,"57":0,"58":0,"59":0,"60":0,"61":0,"62":0},"f":{"0":0,"1":0,"2":0,"3":0},"b":{"0":[0,0],"1":[0,0],"2":[0,0],"3":[0,0],"4":[0,0],"5":[0,0],"6":[0,0],"7":[0,0],"8":[0,0],"9":[0,0],"10":[0,0],"11":[0,0]}}
,"C:\\Users\\us#r\\Downloads\\New folder (2)\\backend\\routes\\invoices.js": {"path":"C:\\Users\\us#r\\Downloads\\New folder (2)\\backend\\routes\\invoices.js","statementMap":{"0":{"start":{"line":1,"column":16},"end":{"line":1,"column":34}},"1":{"start":{"line":2,"column":15},"end":{"line":2,"column":31}},"2":{"start":{"line":3,"column":35},"end":{"line":3,"column":63}},"3":{"start":{"line":4,"column":16},"end":{"line":4,"column":44}},"4":{"start":{"line":5,"column":21},"end":{"line":5,"column":54}},"5":{"start":{"line":6,"column":50},"end":{"line":6,"column":79}},"6":{"start":{"line":9,"column":0},"end":{"line":9,"column":25}},"7":{"start":{"line":12,"column":0},"end":{"line":30,"column":3}},"8":{"start":{"line":13,"column":2},"end":{"line":29,"column":3}},"9":{"start":{"line":14,"column":18},"end":{"line":14,"column":73}},"10":{"start":{"line":15,"column":21},"end":{"line":17,"column":30}},"11":{"start":{"line":19,"column":4},"end":{"line":22,"column":7}},"12":{"start":{"line":24,"column":4},"end":{"line":24,"column":48}},"13":{"start":{"line":25,"column":4},"end":{"line":28,"column":7}},"14":{"start":{"line":33,"column":0},"end":{"line":146,"column":3}},"15":{"start":{"line":34,"column":2},"end":{"line":145,"column":3}},"16":{"start":{"line":35,"column":20},"end":{"line":36,"column":37}},"17":{"start":{"line":38,"column":4},"end":{"line":43,"column":5}},"18":{"start":{"line":39,"column":6},"end":{"line":42,"column":9}},"19":{"start":{"line":46,"column":4},"end":{"line":51,"column":5}},"20":{"start":{"line":47,"column":6},"end":{"line":50,"column":9}},"21":{"start":{"line":53,"column":24},"end":{"line":53,"column":41}},"22":{"start":{"line":54,"column":16},"end":{"line":54,"column":47}},"23":{"start":{"line":56,"column":4},"end":{"line":56,"column":53}},"24":{"start":{"line":57,"column":4},"end":{"line":57,"column":102}},"25":{"start":{"line":59,"column":4},"end":{"line":59,"column":18}},"26":{"start":{"line":62,"column":4},"end":{"line":62,"column":58}},"27":{"start":{"line":63,"column":4},"end":{"line":63,"column":19}},"28":{"start":{"line":66,"column":4},"end":{"line":66,"column":21}},"29":{"start":{"line":67,"column":4},"end":{"line":67,"column":72}},"30":{"start":{"line":68,"column":4},"end":{"line":68,"column":94}},"31":{"start":{"line":69,"column":4},"end":{"line":69,"column":19}},"32":{"start":{"line":72,"column":4},"end":{"line":72,"column":42}},"33":{"start":{"line":73,"column":4},"end":{"line":73,"column":21}},"34":{"start":{"line":74,"column":4},"end":{"line":74,"column":34}},"35":{"start":{"line":75,"column":4},"end":{"line":75,"column":61}},"36":{"start":{"line":75,"column":30},"end":{"line":75,"column":61}},"37":{"start":{"line":76,"column":4},"end":{"line":76,"column":65}},"38":{"start":{"line":76,"column":32},"end":{"line":76,"column":65}},"39":{"start":{"line":77,"column":4},"end":{"line":77,"column":61}},"40":{"start":{"line":77,"column":30},"end":{"line":77,"column":61}},"41":{"start":{"line":78,"column":4},"end":{"line":78,"column":19}},"42":{"start":{"line":81,"column":4},"end":{"line":81,"column":40}},"43":{"start":{"line":82,"column":4},"end":{"line":82,"column":22}},"44":{"start":{"line":84,"column":20},"end":{"line":84,"column":25}},"45":{"start":{"line":85,"column":4},"end":{"line":85,"column":21}},"46":{"start":{"line":86,"column":4},"end":{"line":86,"column":43}},"47":{"start":{"line":87,"column":4},"end":{"line":87,"column":36}},"48":{"start":{"line":88,"column":4},"end":{"line":88,"column":38}},"49":{"start":{"line":89,"column":4},"end":{"line":89,"column":38}},"50":{"start":{"line":91,"column":4},"end":{"line":91,"column":20}},"51":{"start":{"line":92,"column":4},"end":{"line":92,"column":62}},"52":{"start":{"line":93,"column":4},"end":{"line":93,"column":20}},"53":{"start":{"line":95,"column":4},"end":{"line":101,"column":7}},"54":{"start":{"line":96,"column":6},"end":{"line":96,"column":41}},"55":{"start":{"line":97,"column":6},"end":{"line":97,"column":57}},"56":{"start":{"line":98,"column":6},"end":{"line":98,"column":60}},"57":{"start":{"line":99,"column":6},"end":{"line":99,"column":60}},"58":{"start":{"line":100,"column":6},"end":{"line":100,"column":22}},"59":{"start":{"line":103,"column":4},"end":{"line":103,"column":62}},"60":{"start":{"line":104,"column":4},"end":{"line":104,"column":20}},"61":{"start":{"line":107,"column":4},"end":{"line":107,"column":21}},"62":{"start":{"line":108,"column":4},"end":{"line":108,"column":42}},"63":{"start":{"line":109,"column":4},"end":{"line":109,"column":84}},"64":{"start":{"line":110,"column":4},"end":{"line":110,"column":20}},"65":{"start":{"line":112,"column":4},"end":{"line":116,"column":5}},"66":{"start":{"line":113,"column":6},"end":{"line":113,"column":61}},"67":{"start":{"line":114,"column":6},"end":{"line":114,"column":87}},"68":{"start":{"line":115,"column":6},"end":{"line":115,"column":22}},"69":{"start":{"line":118,"column":4},"end":{"line":122,"column":5}},"70":{"start":{"line":119,"column":6},"end":{"line":119,"column":44}},"71":{"start":{"line":120,"column":6},"end":{"line":120,"column":87}},"72":{"start":{"line":121,"column":6},"end":{"line":121,"column":22}},"73":{"start":{"line":124,"column":4},"end":{"line":124,"column":44}},"74":{"start":{"line":125,"column":4},"end":{"line":125,"column":39}},"75":{"start":{"line":126,"column":4},"end":{"line":126,"column":81}},"76":{"start":{"line":127,"column":4},"end":{"line":127,"column":20}},"77":{"start":{"line":130,"column":4},"end":{"line":130,"column":39}},"78":{"start":{"line":131,"column":4},"end":{"line":131,"column":71}},"79":{"start":{"line":133,"column":4},"end":{"line":136,"column":5}},"80":{"start":{"line":134,"column":6},"end":{"line":134,"column":22}},"81":{"start":{"line":135,"column":6},"end":{"line":135,"column":57}},"82":{"start":{"line":138,"column":4},"end":{"line":138,"column":14}},"83":{"start":{"line":140,"column":4},"end":{"line":140,"column":50}},"84":{"start":{"line":141,"column":4},"end":{"line":144,"column":7}},"85":{"start":{"line":149,"column":0},"end":{"line":180,"column":3}},"86":{"start":{"line":150,"column":2},"end":{"line":179,"column":3}},"87":{"start":{"line":151,"column":20},"end":{"line":152,"column":37}},"88":{"start":{"line":154,"column":4},"end":{"line":159,"column":5}},"89":{"start":{"line":155,"column":6},"end":{"line":158,"column":9}},"90":{"start":{"line":162,"column":4},"end":{"line":167,"column":5}},"91":{"start":{"line":163,"column":6},"end":{"line":166,"column":9}},"92":{"start":{"line":169,"column":4},"end":{"line":172,"column":7}},"93":{"start":{"line":174,"column":4},"end":{"line":174,"column":47}},"94":{"start":{"line":175,"column":4},"end":{"line":178,"column":7}},"95":{"start":{"line":183,"column":0},"end":{"line":295,"column":3}},"96":{"start":{"line":191,"column":2},"end":{"line":294,"column":3}},"97":{"start":{"line":192,"column":19},"end":{"line":192,"column":40}},"98":{"start":{"line":193,"column":4},"end":{"line":199,"column":5}},"99":{"start":{"line":194,"column":6},"end":{"line":198,"column":9}},"100":{"start":{"line":201,"column":87},"end":{"line":201,"column":95}},"101":{"start":{"line":204,"column":25},"end":{"line":210,"column":7}},"102":{"start":{"line":204,"column":44},"end":{"line":210,"column":5}},"103":{"start":{"line":213,"column":21},"end":{"line":213,"column":76}},"104":{"start":{"line":213,"column":56},"end":{"line":213,"column":72}},"105":{"start":{"line":216,"column":25},"end":{"line":216,"column":72}},"106":{"start":{"line":217,"column":22},"end":{"line":217,"column":53}},"107":{"start":{"line":220,"column":24},"end":{"line":220,"column":25}},"108":{"start":{"line":221,"column":30},"end":{"line":221,"column":34}},"109":{"start":{"line":223,"column":4},"end":{"line":258,"column":5}},"110":{"start":{"line":225,"column":19},"end":{"line":225,"column":90}},"111":{"start":{"line":226,"column":6},"end":{"line":231,"column":7}},"112":{"start":{"line":227,"column":8},"end":{"line":230,"column":11}},"113":{"start":{"line":233,"column":25},"end":{"line":233,"column":39}},"114":{"start":{"line":234,"column":6},"end":{"line":239,"column":7}},"115":{"start":{"line":235,"column":8},"end":{"line":238,"column":11}},"116":{"start":{"line":241,"column":29},"end":{"line":241,"column":61}},"117":{"start":{"line":242,"column":6},"end":{"line":247,"column":7}},"118":{"start":{"line":243,"column":8},"end":{"line":246,"column":11}},"119":{"start":{"line":249,"column":6},"end":{"line":249,"column":44}},"120":{"start":{"line":250,"column":6},"end":{"line":250,"column":38}},"121":{"start":{"line":253,"column":6},"end":{"line":253,"column":28}},"122":{"start":{"line":254,"column":6},"end":{"line":254,"column":24}},"123":{"start":{"line":255,"column":11},"end":{"line":258,"column":5}},"124":{"start":{"line":257,"column":6},"end":{"line":257,"column":36}},"125":{"start":{"line":260,"column":18},"end":{"line":260,"column":54}},"126":{"start":{"line":263,"column":24},"end":{"line":263,"column":81}},"127":{"start":{"line":265,"column":20},"end":{"line":278,"column":6}},"128":{"start":{"line":280,"column":29},"end":{"line":281,"column":37}},"129":{"start":{"line":283,"column":4},"end":{"line":287,"column":7}},"130":{"start":{"line":289,"column":4},"end":{"line":289,"column":50}},"131":{"start":{"line":290,"column":4},"end":{"line":293,"column":7}},"132":{"start":{"line":298,"column":0},"end":{"line":420,"column":3}},"133":{"start":{"line":303,"column":2},"end":{"line":419,"column":3}},"134":{"start":{"line":304,"column":19},"end":{"line":304,"column":40}},"135":{"start":{"line":305,"column":4},"end":{"line":311,"column":5}},"136":{"start":{"line":306,"column":6},"end":{"line":310,"column":9}},"137":{"start":{"line":313,"column":20},"end":{"line":313,"column":57}},"138":{"start":{"line":315,"column":4},"end":{"line":320,"column":5}},"139":{"start":{"line":316,"column":6},"end":{"line":319,"column":9}},"140":{"start":{"line":323,"column":4},"end":{"line":328,"column":5}},"141":{"start":{"line":324,"column":6},"end":{"line":327,"column":9}},"142":{"start":{"line":330,"column":87},"end":{"line":330,"column":95}},"143":{"start":{"line":333,"column":25},"end":{"line":339,"column":7}},"144":{"start":{"line":333,"column":44},"end":{"line":339,"column":5}},"145":{"start":{"line":341,"column":4},"end":{"line":341,"column":28}},"146":{"start":{"line":342,"column":4},"end":{"line":342,"column":33}},"147":{"start":{"line":345,"column":4},"end":{"line":352,"column":5}},"148":{"start":{"line":346,"column":6},"end":{"line":346,"column":74}},"149":{"start":{"line":347,"column":6},"end":{"line":347,"column":70}},"150":{"start":{"line":350,"column":6},"end":{"line":350,"column":27}},"151":{"start":{"line":355,"column":4},"end":{"line":392,"column":5}},"152":{"start":{"line":357,"column":19},"end":{"line":357,"column":90}},"153":{"start":{"line":358,"column":6},"end":{"line":363,"column":7}},"154":{"start":{"line":359,"column":8},"end":{"line":362,"column":11}},"155":{"start":{"line":365,"column":25},"end":{"line":365,"column":39}},"156":{"start":{"line":366,"column":6},"end":{"line":371,"column":7}},"157":{"start":{"line":367,"column":8},"end":{"line":370,"column":11}},"158":{"start":{"line":373,"column":23},"end":{"line":373,"column":78}},"159":{"start":{"line":373,"column":58},"end":{"line":373,"column":74}},"160":{"start":{"line":374,"column":29},"end":{"line":374,"column":61}},"161":{"start":{"line":375,"column":6},"end":{"line":380,"column":7}},"162":{"start":{"line":376,"column":8},"end":{"line":379,"column":11}},"163":{"start":{"line":382,"column":6},"end":{"line":382,"column":47}},"164":{"start":{"line":383,"column":6},"end":{"line":383,"column":39}},"165":{"start":{"line":386,"column":6},"end":{"line":386,"column":28}},"166":{"start":{"line":387,"column":6},"end":{"line":387,"column":24}},"167":{"start":{"line":388,"column":11},"end":{"line":392,"column":5}},"168":{"start":{"line":390,"column":6},"end":{"line":390,"column":34}},"169":{"start":{"line":391,"column":6},"end":{"line":391,"column":34}},"170":{"start":{"line":394,"column":4},"end":{"line":394,"column":72}},"171":{"start":{"line":395,"column":4},"end":{"line":395,"column":64}},"172":{"start":{"line":398,"column":21},"end":{"line":398,"column":76}},"173":{"start":{"line":398,"column":56},"end":{"line":398,"column":72}},"174":{"start":{"line":399,"column":4},"end":{"line":399,"column":32}},"175":{"start":{"line":400,"column":4},"end":{"line":400,"column":67}},"176":{"start":{"line":401,"column":4},"end":{"line":401,"column":76}},"177":{"start":{"line":403,"column":4},"end":{"line":403,"column":25}},"178":{"start":{"line":405,"column":29},"end":{"line":406,"column":37}},"179":{"start":{"line":408,"column":4},"end":{"line":412,"column":7}},"180":{"start":{"line":414,"column":4},"end":{"line":414,"column":50}},"181":{"start":{"line":415,"column":4},"end":{"line":418,"column":7}},"182":{"start":{"line":423,"column":0},"end":{"line":455,"column":3}},"183":{"start":{"line":424,"column":2},"end":{"line":454,"column":3}},"184":{"start":{"line":425,"column":20},"end":{"line":425,"column":57}},"185":{"start":{"line":427,"column":4},"end":{"line":432,"column":5}},"186":{"start":{"line":428,"column":6},"end":{"line":431,"column":9}},"187":{"start":{"line":435,"column":4},"end":{"line":440,"column":5}},"188":{"start":{"line":436,"column":6},"end":{"line":439,"column":9}},"189":{"start":{"line":442,"column":4},"end":{"line":442,"column":51}},"190":{"start":{"line":444,"column":4},"end":{"line":447,"column":7}},"191":{"start":{"line":449,"column":4},"end":{"line":449,"column":50}},"192":{"start":{"line":450,"column":4},"end":{"line":453,"column":7}},"193":{"start":{"line":457,"column":0},"end":{"line":457,"column":24}}},"fnMap":{"0":{"name":"(anonymous_0)","decl":{"start":{"line":12,"column":16},"end":{"line":12,"column":17}},"loc":{"start":{"line":12,"column":36},"end":{"line":30,"column":1}},"line":12},"1":{"name":"(anonymous_1)","decl":{"start":{"line":33,"column":23},"end":{"line":33,"column":24}},"loc":{"start":{"line":33,"column":43},"end":{"line":146,"column":1}},"line":33},"2":{"name":"(anonymous_2)","decl":{"start":{"line":95,"column":26},"end":{"line":95,"column":27}},"loc":{"start":{"line":95,"column":34},"end":{"line":101,"column":5}},"line":95},"3":{"name":"(anonymous_3)","decl":{"start":{"line":149,"column":19},"end":{"line":149,"column":20}},"loc":{"start":{"line":149,"column":39},"end":{"line":180,"column":1}},"line":149},"4":{"name":"(anonymous_4)","decl":{"start":{"line":190,"column":3},"end":{"line":190,"column":4}},"loc":{"start":{"line":190,"column":23},"end":{"line":295,"column":1}},"line":190},"5":{"name":"(anonymous_5)","decl":{"start":{"line":204,"column":35},"end":{"line":204,"column":36}},"loc":{"start":{"line":204,"column":44},"end":{"line":210,"column":5}},"line":204},"6":{"name":"(anonymous_6)","decl":{"start":{"line":213,"column":41},"end":{"line":213,"column":42}},"loc":{"start":{"line":213,"column":56},"end":{"line":213,"column":72}},"line":213},"7":{"name":"(anonymous_7)","decl":{"start":{"line":302,"column":3},"end":{"line":302,"column":4}},"loc":{"start":{"line":302,"column":23},"end":{"line":420,"column":1}},"line":302},"8":{"name":"(anonymous_8)","decl":{"start":{"line":333,"column":35},"end":{"line":333,"column":36}},"loc":{"start":{"line":333,"column":44},"end":{"line":339,"column":5}},"line":333},"9":{"name":"(anonymous_9)","decl":{"start":{"line":373,"column":43},"end":{"line":373,"column":44}},"loc":{"start":{"line":373,"column":58},"end":{"line":373,"column":74}},"line":373},"10":{"name":"(anonymous_10)","decl":{"start":{"line":398,"column":41},"end":{"line":398,"column":42}},"loc":{"start":{"line":398,"column":56},"end":{"line":398,"column":72}},"line":398},"11":{"name":"(anonymous_11)","decl":{"start":{"line":423,"column":22},"end":{"line":423,"column":23}},"loc":{"start":{"line":423,"column":42},"end":{"line":455,"column":1}},"line":423}},"branchMap":{"0":{"loc":{"start":{"line":14,"column":18},"end":{"line":14,"column":73}},"type":"cond-expr","locations":[{"start":{"line":14,"column":46},"end":{"line":14,"column":48}},{"start":{"line":14,"column":51},"end":{"line":14,"column":73}}],"line":14},"1":{"loc":{"start":{"line":38,"column":4},"end":{"line":43,"column":5}},"type":"if","locations":[{"start":{"line":38,"column":4},"end":{"line":43,"column":5}},{"start":{},"end":{}}],"line":38},"2":{"loc":{"start":{"line":46,"column":4},"end":{"line":51,"column":5}},"type":"if","locations":[{"start":{"line":46,"column":4},"end":{"line":51,"column":5}},{"start":{},"end":{}}],"line":46},"3":{"loc":{"start":{"line":46,"column":8},"end":{"line":46,"column":92}},"type":"binary-expr","locations":[{"start":{"line":46,"column":8},"end":{"line":46,"column":33}},{"start":{"line":46,"column":37},"end":{"line":46,"column":92}}],"line":46},"4":{"loc":{"start":{"line":75,"column":4},"end":{"line":75,"column":61}},"type":"if","locations":[{"start":{"line":75,"column":4},"end":{"line":75,"column":61}},{"start":{},"end":{}}],"line":75},"5":{"loc":{"start":{"line":76,"column":4},"end":{"line":76,"column":65}},"type":"if","locations":[{"start":{"line":76,"column":4},"end":{"line":76,"column":65}},{"start":{},"end":{}}],"line":76},"6":{"loc":{"start":{"line":77,"column":4},"end":{"line":77,"column":61}},"type":"if","locations":[{"start":{"line":77,"column":4},"end":{"line":77,"column":61}},{"start":{},"end":{}}],"line":77},"7":{"loc":{"start
[...]
5,"column":50}},"20":{"start":{"line":46,"column":4},"end":{"line":52,"column":5}},"21":{"start":{"line":47,"column":6},"end":{"line":47,"column":56}},"22":{"start":{"line":49,"column":6},"end":{"line":49,"column":40}},"23":{"start":{"line":50,"column":6},"end":{"line":50,"column":38}},"24":{"start":{"line":51,"column":6},"end":{"line":51,"column":28}},"25":{"start":{"line":54,"column":4},"end":{"line":58,"column":7}},"26":{"start":{"line":60,"column":4},"end":{"line":60,"column":51}},"27":{"start":{"line":61,"column":4},"end":{"line":64,"column":7}},"28":{"start":{"line":69,"column":0},"end":{"line":117,"column":3}},"29":{"start":{"line":70,"column":2},"end":{"line":116,"column":3}},"30":{"start":{"line":71,"column":21},"end":{"line":73,"column":30}},"31":{"start":{"line":75,"column":28},"end":{"line":75,"column":76}},"32":{"start":{"line":77,"column":22},"end":{"line":90,"column":6}},"33":{"start":{"line":92,"column":20},"end":{"line":103,"column":7}},"34":{"start":{"line":92,"column":41},"end":{"line":103,"column":5}},"35":{"start":{"line":105,"column":16},"end":{"line":105,"column":81}},"36":{"start":{"line":107,"column":4},"end":{"line":107,"column":46}},"37":{"start":{"line":108,"column":4},"end":{"line":108,"column":85}},"38":{"start":{"line":109,"column":4},"end":{"line":109,"column":18}},"39":{"start":{"line":111,"column":4},"end":{"line":111,"column":46}},"40":{"start":{"line":112,"column":4},"end":{"line":115,"column":7}},"41":{"start":{"line":119,"column":0},"end":{"line":119,"column":24}}},"fnMap":{"0":{"name":"(anonymous_0)","decl":{"start":{"line":12,"column":16},"end":{"line":12,"column":17}},"loc":{"start":{"line":12,"column":36},"end":{"line":27,"column":1}},"line":12},"1":{"name":"(anonymous_1)","decl":{"start":{"line":34,"column":3},"end":{"line":34,"column":4}},"loc":{"start":{"line":34,"column":23},"end":{"line":66,"column":1}},"line":34},"2":{"name":"(anonymous_2)","decl":{"start":{"line":69,"column":26},"end":{"line":69,"column":27}},"loc":{"start":{"line":69,"column":46},"end":{"line":117,"column":1}},"line":69},"3":{"name":"(anonymous_3)","decl":{"start":{"line":92,"column":33},"end":{"line":92,"column":34}},"loc":{"start":{"line":92,"column":41},"end":{"line":103,"column":5}},"line":92}},"branchMap":{"0":{"loc":{"start":{"line":37,"column":4},"end":{"line":43,"column":5}},"type":"if","locations":[{"start":{"line":37,"column":4},"end":{"line":43,"column":5}},{"start":{},"end":{}}],"line":37},"1":{"loc":{"start":{"line":46,"column":4},"end":{"line":52,"column":5}},"type":"if","locations":[{"start":{"line":46,"column":4},"end":{"line":52,"column":5}},{"start":{"line":48,"column":11},"end":{"line":52,"column":5}}],"line":46}},"s":{"0":0,"1":0,"2":0,"3":0,"4":0,"5":0,"6":0,"7":0,"8":0,"9":0,"10":0,"11":0,"12":0,"13":0,"14":0,"15":0,"16":0,"17":0,"18":0,"19":0,"20":0,"21":0,"22":0,"23":0,"24":0,"25":0,"26":0,"27":0,"28":0,"29":0,"30":0,"31":0,"32":0,"33":0,"34":0,"35":0,"36":0,"37":0,"38":0,"39":0,"40":0,"41":0},"f":{"0":0,"1":0,"2":0,"3":0},"b":{"0":[0,0],"1":[0,0]}}
,"C:\\Users\\us#r\\Downloads\\New folder (2)\\backend\\routes\\tax.js": {"path":"C:\\Users\\us#r\\Downloads\\New folder (2)\\backend\\routes\\tax.js","statementMap":{"0":{"start":{"line":1,"column":16},"end":{"line":1,"column":34}},"1":{"start":{"line":2,"column":15},"end":{"line":2,"column":31}},"2":{"start":{"line":3,"column":16},"end":{"line":3,"column":44}},"3":{"start":{"line":4,"column":25},"end":{"line":4,"column":54}},"4":{"start":{"line":7,"column":0},"end":{"line":55,"column":3}},"5":{"start":{"line":8,"column":2},"end":{"line":54,"column":3}},"6":{"start":{"line":9,"column":31},"end":{"line":9,"column":40}},"7":{"start":{"line":11,"column":4},"end":{"line":16,"column":5}},"8":{"start":{"line":12,"column":6},"end":{"line":15,"column":9}},"9":{"start":{"line":19,"column":18},"end":{"line":19,"column":75}},"10":{"start":{"line":21,"column":4},"end":{"line":23,"column":5}},"11":{"start":{"line":22,"column":6},"end":{"line":22,"column":80}},"12":{"start":{"line":25,"column":4},"end":{"line":36,"column":5}},"13":{"start":{"line":27,"column":6},"end":{"line":35,"column":9}},"14":{"start":{"line":38,"column":4},"end":{"line":46,"column":7}},"15":{"start":{"line":49,"column":4},"end":{"line":49,"column":44}},"16":{"start":{"line":50,"column":4},"end":{"line":53,"column":7}},"17":{"start":{"line":58,"column":0},"end":{"line":112,"column":3}},"18":{"start":{"line":59,"column":2},"end":{"line":111,"column":3}},"19":{"start":{"line":60,"column":53},"end":{"line":60,"column":61}},"20":{"start":{"line":62,"column":4},"end":{"line":67,"column":5}},"21":{"start":{"line":63,"column":6},"end":{"line":66,"column":9}},"22":{"start":{"line":70,"column":24},"end":{"line":74,"column":6}},"23":{"start":{"line":76,"column":20},"end":{"line":76,"column":44}},"24":{"start":{"line":78,"column":4},"end":{"line":83,"column":5}},"25":{"start":{"line":79,"column":6},"end":{"line":82,"column":9}},"26":{"start":{"line":85,"column":20},"end":{"line":85,"column":40}},"27":{"start":{"line":86,"column":21},"end":{"line":86,"column":39}},"28":{"start":{"line":87,"column":27},"end":{"line":87,"column":47}},"29":{"start":{"line":88,"column":26},"end":{"line":88,"column":51}},"30":{"start":{"line":89,"column":22},"end":{"line":89,"column":53}},"31":{"start":{"line":90,"column":18},"end":{"line":90,"column":43}},"32":{"start":{"line":92,"column":4},"end":{"line":103,"column":7}},"33":{"start":{"line":106,"column":4},"end":{"line":106,"column":51}},"34":{"start":{"line":107,"column":4},"end":{"line":110,"column":7}},"35":{"start":{"line":115,"column":0},"end":{"line":158,"column":3}},"36":{"start":{"line":116,"column":2},"end":{"line":157,"column":3}},"37":{"start":{"line":117,"column":4},"end":{"line":122,"column":5}},"38":{"start":{"line":118,"column":6},"end":{"line":121,"column":9}},"39":{"start":{"line":124,"column":25},"end":{"line":132,"column":5}},"40":{"start":{"line":134,"column":25},"end":{"line":134,"column":27}},"41":{"start":{"line":135,"column":4},"end":{"line":143,"column":5}},"42":{"start":{"line":136,"column":6},"end":{"line":142,"column":7}},"43":{"start":{"line":137,"column":24},"end":{"line":137,"column":50}},"44":{"start":{"line":138,"column":8},"end":{"line":138,"column":35}},"45":{"start":{"line":141,"column":8},"end":{"line":141,"column":105}},"46":{"start":{"line":145,"column":4},"end":{"line":149,"column":7}},"47":{"start":{"line":152,"column":4},"end":{"line":152,"column":50}},"48":{"start":{"line":153,"column":4},"end":{"line":156,"column":7}},"49":{"start":{"line":160,"column":0},"end":{"line":160,"column":24}}},"fnMap":{"0":{"name":"(anonymous_0)","decl":{"start":{"line":7,"column":34},"end":{"line":7,"column":35}},"loc":{"start":{"line":7,"column":54},"end":{"line":55,"column":1}},"line":7},"1":{"name":"(anonymous_1)","decl":{"start":{"line":58,"column":40},"end":{"line":58,"column":41}},"loc":{"start":{"line":58,"column":60},"end":{"line":112,"column":1}},"line":58},"2":{"name":"(anonymous_2)","decl":{"start":{"line":115,"column":41},"end":{"line":115,"column":42}},"loc":{"start":{"line":115,"column":61},"end":{"line":158,"column":1}},"line":115}},"branchMap":{"0":{"loc":{"start":{"line":11,"column":4},"end":{"line":16,"column":5}},"type":"if","locations":[{"start":{"line":11,"column":4},"end":{"line":16,"column":5}},{"start":{},"end":{}}],"line":11},"1":{"loc":{"start":{"line":21,"column":4},"end":{"line":23,"column":5}},"type":"if","locations":[{"start":{"line":21,"column":4},"end":{"line":23,"column":5}},{"start":{},"end":{}}],"line":21},"2":{"loc":{"start":{"line":25,"column":4},"end":{"line":36,"column":5}},"type":"if","locations":[{"start":{"line":25,"column":4},"end":{"line":36,"column":5}},{"start":{},"end":{}}],"line":25},"3":{"loc":{"start":{"line":60,"column":36},"end":{"line":60,"column":48}},"type":"default-arg","locations":[{"start":{"line":60,"column":47},"end":{"line":60,"column":48}}],"line":60},"4":{"loc":{"start":{"line":62,"column":4},"end":{"line":67,"column":5}},"type":"if","locations":[{"start":{"line":62,"column":4},"end":{"line":67,"column":5}},{"start":{},"end":{}}],"line":62},"5":{"loc":{"start":{"line":62,"column":8},"end":{"line":62,"column":27}},"type":"binary-expr","locations":[{"start":{"line":62,"column":8},"end":{"line":62,"column":15}},{"start":{"line":62,"column":19},"end":{"line":62,"column":27}}],"line":62},"6":{"loc":{"start":{"line":70,"column":114},"end":{"line":70,"column":125}},"type":"binary-expr","locations":[{"start":{"line":70,"column":114},"end":{"line":70,"column":119}},{"start":{"line":70,"column":123},"end":{"line":70,"column":125}}],"line":70},"7":{"loc":{"start":{"line":78,"column":4},"end":{"line":83,"column":5}},"type":"if","locations":[{"start":{"line":78,"column":4},"end":{"line":83,"column":5}},{"start":{},"end":{}}],"line":78},"8":{"loc":{"start":{"line":117,"column":4},"end":{"line":122,"column":5}},"type":"if","locations":[{"start":{"line":117,"column":4},"end":{"line":122,"column":5}},{"start":{},"end":{}}],"line":117},"9":{"loc":{"start":{"line":141,"column":66},"end":{"line":141,"column":101}},"type":"cond-expr","locations":[{"start":{"line":141,"column":79},"end":{"line":141,"column":96}},{"start":{"line":141,"column":99},"end":{"line":141,"column":101}}],"line":141}},"s":{"0":0,"1":0,"2":0,"3":0,"4":0,"5":0,"6":0,"7":0,"8":0,"9":0,"10":0,"11":0,"12":0,"13":0,"14":0,"15":0,"16":0,"17":0,"18":0,"19":0,"20":0,"21":0,"22":0,"23":0,"24":0,"25":0,"26":0,"27":0,"28":0,"29":0,"30":0,"31":0,"32":0,"33":0,"34":0,"35":0,"36":0,"37":0,"38":0,"39":0,"40":0,"41":0,"42":0,"43":0,"44":0,"45":0,"46":0,"47":0,"48":0,"49":0},"f":{"0":0,"1":0,"2":0},"b":{"0":[0,0],"1":[0,0],"2":[0,0],"3":[0],"4":[0,0],"5":[0,0],"6":[0,0],"7":[0,0],"8":[0,0],"9":[0,0]}}
,"C:\\Users\\us#r\\Downloads\\New folder (2)\\backend\\routes\\users.js": {"path":"C:\\Users\\us#r\\Downloads\\New folder (2)\\backend\\routes\\users.js","statementMap":{"0":{"start":{"line":1,"column":16},"end":{"line":1,"column":34}},"1":{"start":{"line":2,"column":15},"end":{"line":2,"column":31}},"2":{"start":{"line":3,"column":35},"end":{"line":3,"column":63}},"3":{"start":{"line":4,"column":13},"end":{"line":4,"column":38}},"4":{"start":{"line":5,"column":34},"end":{"line":5,"column":63}},"5":{"start":{"line":8,"column":0},"end":{"line":8,"column":25}},"6":{"start":{"line":9,"column":0},"end":{"line":9,"column":20}},"7":{"start":{"line":12,"column":0},"end":{"line":27,"column":3}},"8":{"start":{"line":13,"column":2},"end":{"line":26,"column":3}},"9":{"start":{"line":14,"column":18},"end":{"line":14,"column":79}},"10":{"start":{"line":16,"column":4},"end":{"line":19,"column":7}},"11":{"start":{"line":21,"column":4},"end":{"line":21,"column":45}},"12":{"start":{"line":22,"column":4},"end":{"line":25,"column":7}},"13":{"start":{"line":30,"column":0},"end":{"line":52,"column":3}},"14":{"start":{"line":31,"column":2},"end":{"line":51,"column":3}},"15":{"start":{"line":32,"column":17},"end":{"line":32,"column":71}},"16":{"start":{"line":34,"column":4},"end":{"line":39,"column":5}},"17":{"start":{"line":35,"column":6},"end":{"line":38,"column":9}},"18":{"start":{"line":41,"column":4},"end":{"line":44,"column":7}},"19":{"start":{"line":46,"column":4},"end":{"line":46,"column":44}},"20":{"start":{"line":47,"column":4},"end":{"line":50,"column":7}},"21":{"start":{"line":55,"column":0},"end":{"line":107,"column":3}},"22":{"start":{"line":61,"column":2},"end":{"line":106,"column":3}},"23":{"start":{"line":62,"column":4},"end":{"line":65,"column":7}},"24":{"start":{"line":67,"column":19},"end":{"line":67,"column":40}},"25":{"start":{"line":68,"column":4},"end":{"line":75,"column":5}},"26":{"start":{"line":69,"column":6},"end":{"line":69,"column":56}},"27":{"start":{"line":70,"column":6},"end":{"line":74,"column":9}},"28":{"start":{"line":77,"column":44},"end":{"line":77,"column":52}},"29":{"start":{"line":80,"column":25},"end":{"line":80,"column":54}},"30":{"start":{"line":81,"column":4},"end":{"line":86,"column":5}},"31":{"start":{"line":82,"column":6},"end":{"line":85,"column":9}},"32":{"start":{"line":88,"column":17},"end":{"line":93,"column":6}},"33":{"start":{"line":95,"column":4},"end":{"line":99,"column":7}},"34":{"start":{"line":101,"column":4},"end":{"line":101,"column":47}},"35":{"start":{"line":102,"column":4},"end":{"line":105,"column":7}},"36":{"start":{"line":110,"column":0},"end":{"line":173,"column":3}},"37":{"start":{"line":116,"column":2},"end":{"line":172,"column":3}},"38":{"start":{"line":117,"column":19},"end":{"line":117,"column":40}},"39":{"start":{"line":118,"column":4},"end":{"line":124,"column":5}},"40":{"start":{"line":119,"column":6},"end":{"line":123,"column":9}},"41":{"start":{"line":126,"column":17},"end":{"line":126,"column":51}},"42":{"start":{"line":128,"column":4},"end":{"line":133,"column":5}},"43":{"start":{"line":129,"column":6},"end":{"line":132,"column":9}},"44":{"start":{"line":136,"column":4},"end":{"line":141,"column":5}},"45":{"start":{"line":137,"column":6},"end":{"line":140,"column":9}},"46":{"start":{"line":143,"column":44},"end":{"line":143,"column":52}},"47":{"start":{"line":145,"column":4},"end":{"line":145,"column":31}},"48":{"start":{"line":145,"column":14},"end":{"line":145,"column":31}},"49":{"start":{"line":146,"column":4},"end":{"line":155,"column":5}},"50":{"start":{"line":147,"column":27},"end":{"line":147,"column":56}},"51":{"start":{"line":148,"column":6},"end":{"line":153,"column":7}},"52":{"start":{"line":149,"column":8},"end":{"line":152,"column":11}},"53":{"start":{"line":154,"column":6},"end":{"line":154,"column":25}},"54":{"start":{"line":156,"column":4},"end":{"line":156,"column":31}},"55":{"start":{"line":156,"column":14},"end":{"line":156,"column":31}},"56":{"start":{"line":157,"column":4},"end":{"line":157,"column":64}},"57":{"start":{"line":157,"column":39},"end":{"line":157,"column":64}},"58":{"start":{"line":159,"column":4},"end":{"line":159,"column":22}},"59":{"start":{"line":161,"column":4},"end":{"line":165,"column":7}},"60":{"start":{"line":167,"column":4},"end":{"line":167,"column":47}},"61":{"start":{"line":168,"column":4},"end":{"line":171,"column":7}},"62":{"start":{"line":176,"column":0},"end":{"line":208,"column":3}},"63":{"start":{"line":177,"column":2},"end":{"line":207,"column":3}},"64":{"start":{"line":179,"column":4},"end":{"line":184,"column":5}},"65":{"start":{"line":180,"column":6},"end":{"line":183,"column":9}},"66":{"start":{"line":186,"column":17},"end":{"line":186,"column":51}},"67":{"start":{"line":188,"column":4},"end":{"line":193,"column":5}},"68":{"start":{"line":189,"column":6},"end":{"line":192,"column":9}},"69":{"start":{"line":195,"column":4},"end":{"line":195,"column":48}},"70":{"start":{"line":197,"column":4},"end":{"line":200,"column":7}},"71":{"start":{"line":202,"column":4},"end":{"line":202,"column":47}},"72":{"start":{"line":203,"column":4},"end":{"line":206,"column":7}},"73":{"start":{"line":210,"column":0},"end":{"line":210,"column":24}}},"fnMap":{"0":{"name":"(anonymous_0)","decl":{"start":{"line":12,"column":16},"end":{"line":12,"column":17}},"loc":{"start":{"line":12,"column":36},"end":{"line":27,"column":1}},"line":12},"1":{"name":"(anonymous_1)","decl":{"start":{"line":30,"column":19},"end":{"line":30,"column":20}},"loc":{"start":{"line":30,"column":39},"end":{"line":52,"column":1}},"line":30},"2":{"name":"(anonymous_2)","decl":{"start":{"line":60,"column":3},"end":{"line":60,"column":4}},"loc":{"start":{"line":60,"column":23},"end":{"line":107,"column":1}},"line":60},"3":{"name":"(anonymous_3)","decl":{"start":{"line":115,"column":3},"end":{"line":115,"column":4}},"loc":{"start":{"line":115,"column":23},"end":{"line":173,"column":1}},"line":115},"4":{"name":"(anonymous_4)","decl":{"start":{"line":176,"column":22},"end":{"line":176,"column":23}},"loc":{"start":{"line":176,"column":42},"end":{"line":208,"column":1}},"line":176}},"branchMap":{"0":{"loc":{"start":{"line":34,"column":4},"end":{"line":39,"column":5}},"type":"if","locations":[{"start":{"line":34,"column":4},"end":{"line":39,"column":5}},{"start":{},"end":{}}],"line":34},"1":{"loc":{"start":{"line":68,"column":4},"end":{"line":75,"column":5}},"type":"if","locations":[{"start":{"line":68,"column":4},"end":{"line":75,"column":5}},{"start":{},"end":{}}],"line":68},"2":{"loc":{"start":{"line":81,"column":4},"end":{"line":86,"column":5}},"type":"if","locations":[{"start":{"line":81,"column":4},"end":{"line":86,"column":5}},{"start":{},"end":{}}],"line":81},"3":{"loc":{"start":{"line":92,"column":12},"end":{"line":92,"column":26}},"type":"binary-expr","locations":[{"start":{"line":92,"column":12},"end":{"line":92,"column":16}},{"start":{"line":92,"column":20},"end":{"line":92,"column":26}}],"line":92},"4":{"loc":{"start":{"line":118,"column":4},"end":{"line":124,"column":5}},"type":"if","locations":[{"start":{"line":118,"column":4},"end":{"line":124,"column":5}},{"start":{},"end":{}}],"line":118},"5":{"loc":{"start":{"line":128,"column":4},"end":{"line":133,"column":5}},"type":"if","locations":[{"start":{"line":128,"column":4},"end":{"line":133,"column":5}},{"start":{},"end":{}}],"line":128},"6":{"loc":{"start":{"line":136,"column":4},"end":{"line":141,"column":5}},"type":"if","locations":[{"start":{"line":136,"column":4},"end":{"line":141,"column":5}},{"start":{},"end":{}}],"line":136},"7":{"loc":{"start":{"line":136,"column":8},"end":{"line":136,"column":80}},"type":"binary-expr","locations":[{"start":{"line":136,"column":8},"end":{"line":136,"column":49}},{"start":{"line":136,"column":53},"end":{"line":136,"column":80}}],"line":136},"8":{"loc":{"start":{"line":145,"column":4},"end":{"line":145,"column":31}},"type":"if","locations":[{"start":{"line":145,"column":4},"end":{"line":145,"column":31}},{"start":{},"end":{}}],"line":145},"9":{"loc":{"start":{"line":146,"column":4},"end":{"line":155,"column":5}},"type":"if","locations":[{"start":{"line":146,"column":4},"end":{"line":155,"column":5}},{"start":{},"end":{}}],"line":146},"10":{"loc":{"start":{"line":146,"column":8},"end":{"line":146,"column":37}},"type":"binary-expr","locations":[{"start":{"line":146,"column":8},"end":{"line":146,"column":13}},{"start":{"line":146,"column":17},"end":{"line":146,"column":37}}],"line":146},"11":{"loc":{"start":{"line":148,"column":6},"end":{"line":153,"column":7}},"type":"if","locations":[{"start":{"line":148,"column":6},"end":{"line":153,"column":7}},{"start":{},"end":{}}],"line":148},"12":{"loc":{"start":{"line":156,"column":4},"end":{"line":156,"column":31}},"type":"if","locations":[{"start":{"line":156,"column":4},"end":{"line":156,"column":31}},{"start":{},"end":{}}],"line":156},"13":{"loc":{"start":{"line":157,"column":4},"end":{"line":157,"column":64}},"type":"if","locations":[{"start":{"line":157,"column":4},"end":{"line":157,"column":64}},{"start":{},"end":{}}],"line":157},"14":{"loc":{"start":{"line":179,"column":4},"end":{"line":184,"column":5}},"type":"if","locations":[{"start":{"line":179,"column":4},"end":{"line":184,"column":5}},{"start":{},"end":{}}],"line":179},"15":{"loc":{"start":{"line":188,"column":4},"end":{"line":193,"column":5}},"type":"if","locations":[{"start":{"line":188,"column":4},"end":{"line":193,"column":5}},{"start":{},"end":{}}],"line":188}},"s":{"0":0,"1":0,"2":0,"3":0,"4":0,"5":0,"6":0,"7":0,"8":0,"9":0,"10":0,"11":0,"12":0,"13":0,"14":0,"15":0,"16":0,"17":0,"18":0,"19":0,"20":0,"21":0,"22":0,"23":0,"24":0,"25":0,"26":0,"27":0,"28":0,"29":0,"30":0,"31":0,"32":0,"33":0,"34":0,"35":0,"36":0,"37":0,"38":0,"39":0,"40":0,"41":0,"42":0,"43":0,"44":0,"45":0,"46":0,"47":0,"48":0,"49":0,"50":0,"51":0,"52":0,"53":0,"54":0,"55":0,"56":0,"57":0,"58":0,"59":0,"60":0,"61":0,"62":0,"63":0,"64":0,"65":0,"66":0,"67":0,"68":0,"69":0,"70":0,"71":0,"72":0,"73":0},"f":{"0":0,"1":0,"2":0,"3":0,"4":0},"b":{"0":[0,0],"1":[0,0],"2":[0,0],"3":[0,0],"4":[0,0],"5":[0,0],"6":[0,0],"7":[0,0],"8":[0,0],"9":[0,0],"10":[0,0],"11":[0,0],"12":[0,0],"13":[0,0],"14":[0,0],"15":[0,0]}}
}
