TN:
SF:middleware\auth.js
FN:9,(anonymous_0)
FN:36,(anonymous_1)
FN:44,(anonymous_2)
FN:58,(anonymous_3)
FNF:4
FNH:1
FNDA:0,(anonymous_0)
FNDA:0,(anonymous_1)
FNDA:0,(anonymous_2)
FNDA:6,(anonymous_3)
DA:1,3
DA:2,3
DA:3,3
DA:4,3
DA:6,3
DA:9,3
DA:10,0
DA:11,0
DA:13,0
DA:14,0
DA:17,0
DA:18,0
DA:20,0
DA:21,0
DA:24,0
DA:25,0
DA:28,0
DA:29,0
DA:31,0
DA:36,3
DA:37,0
DA:38,0
DA:40,0
DA:44,3
DA:45,0
DA:46,0
DA:50,0
DA:51,0
DA:54,0
DA:58,3
DA:59,6
LF:31
LH:10
BRDA:13,0,0,0
BRDA:13,0,1,0
BRDA:20,1,0,0
BRDA:20,1,1,0
BRDA:24,2,0,0
BRDA:24,2,1,0
BRDA:37,3,0,0
BRDA:37,3,1,0
BRDA:45,4,0,0
BRDA:45,4,1,0
BRDA:50,5,0,0
BRDA:50,5,1,0
BRDA:50,6,0,0
BRDA:50,6,1,0
BRF:14
BRH:0
end_of_record
TN:
SF:models\AISuggestion.js
FNF:0
FNH:0
DA:1,0
DA:3,0
DA:38,0
LF:3
LH:0
BRF:0
BRH:0
end_of_record
TN:
SF:models\CompanySettings.js
FN:48,(anonymous_0)
FNF:1
FNH:0
FNDA:0,(anonymous_0)
DA:1,0
DA:3,0
DA:48,0
DA:49,0
DA:50,0
DA:51,0
DA:53,0
DA:56,0
LF:8
LH:0
BRDA:50,0,0,0
BRDA:50,0,1,0
BRF:2
BRH:0
end_of_record
TN:
SF:models\DiscountCode.js
FN:52,(anonymous_0)
FN:58,(anonymous_1)
FN:84,(anonymous_2)
FNF:3
FNH:0
FNDA:0,(anonymous_0)
FNDA:0,(anonymous_1)
FNDA:0,(anonymous_2)
DA:1,0
DA:3,0
DA:52,0
DA:53,0
DA:54,0
DA:58,0
DA:59,0
DA:62,0
DA:63,0
DA:67,0
DA:68,0
DA:71,0
DA:72,0
DA:76,0
DA:77,0
DA:80,0
DA:84,0
DA:85,0
DA:86,0
DA:87,0
DA:90,0
DA:91,0
DA:94,0
LF:23
LH:0
BRDA:62,0,0,0
BRDA:62,0,1,0
BRDA:67,1,0,0
BRDA:67,1,1,0
BRDA:67,2,0,0
BRDA:67,2,1,0
BRDA:71,3,0,0
BRDA:71,3,1,0
BRDA:71,4,0,0
BRDA:71,4,1,0
BRDA:76,5,0,0
BRDA:76,5,1,0
BRDA:76,6,0,0
BRDA:76,6,1,0
BRDA:86,7,0,0
BRDA:86,7,1,0
BRF:16
BRH:0
end_of_record
TN:
SF:models\EmailTemplate.js
FNF:0
FNH:0
DA:1,0
DA:3,0
DA:39,0
LF:3
LH:0
BRF:0
BRH:0
end_of_record
TN:
SF:models\Invoice.js
FN:63,(anonymous_0)
FN:152,(anonymous_1)
FN:181,(anonymous_2)
FN:185,(anonymous_3)
FNF:4
FNH:4
FNDA:20,(anonymous_0)
FNDA:22,(anonymous_1)
FNDA:13,(anonymous_2)
FNDA:16,(anonymous_3)
DA:1,1
DA:3,1
DA:29,1
DA:64,20
DA:152,1
DA:153,22
DA:154,17
DA:156,17
DA:161,17
DA:162,17
DA:164,1
DA:165,1
DA:166,1
DA:170,17
DA:172,0
DA:173,0
DA:177,22
DA:181,1
DA:182,13
DA:185,16
DA:186,13
DA:187,13
DA:189,13
DA:192,1
LF:24
LH:22
BRDA:64,0,0,20
BRDA:64,0,1,20
BRDA:153,1,0,17
BRDA:153,1,1,5
BRDA:153,2,0,22
BRDA:153,2,1,19
BRDA:162,3,0,1
BRDA:162,3,1,16
BRDA:162,4,0,17
BRDA:162,4,1,1
BRDA:165,5,0,1
BRDA:165,5,1,0
BRF:12
BRH:11
end_of_record
TN:
SF:models\TaxRule.js
FNF:0
FNH:0
DA:1,0
DA:3,0
DA:33,0
DA:35,0
LF:4
LH:0
BRF:0
BRH:0
end_of_record
TN:
SF:models\User.js
FN:43,(anonymous_0)
FN:51,(anonymous_1)
FN:56,(anonymous_2)
FNF:3
FNH:3
FNDA:34,(anonymous_0)
FNDA:4,(anonymous_1)
FNDA:2,(anonymous_2)
DA:1,3
DA:2,3
DA:4,3
DA:43,3
DA:44,34
DA:45,32
DA:46,32
DA:47,32
DA:51,3
DA:52,4
DA:56,3
DA:57,2
DA:58,2
DA:59,2
DA:62,3
LF:15
LH:15
BRDA:44,0,0,2
BRDA:44,0,1,32
BRF:2
BRH:2
end_of_record
TN:
SF:routes\ai.js
FN:8,(anonymous_0)
FN:19,(anonymous_1)
FN:33,(anonymous_2)
FN:34,(anonymous_3)
FN:87,(anonymous_4)
FNF:5
FNH:0
FNDA:0,(anonymous_0)
FNDA:0,(anonymous_1)
FNDA:0,(anonymous_2)
FNDA:0,(anonymous_3)
FNDA:0,(anonymous_4)
DA:1,0
DA:2,0
DA:3,0
DA:4,0
DA:5,0
DA:8,0
DA:9,0
DA:10,0
DA:12,0
DA:13,0
DA:15,0
DA:18,0
DA:19,0
DA:20,0
DA:21,0
DA:22,0
DA:26,0
DA:31,0
DA:32,0
DA:33,0
DA:35,0
DA:36,0
DA:39,0
DA:40,0
DA:41,0
DA:42,0
DA:44,0
DA:45,0
DA:47,0
DA:50,0
DA:51,0
DA:52,0
DA:55,0
DA:56,0
DA:60,0
DA:68,0
DA:78,0
DA:79,0
DA:87,0
DA:88,0
DA:89,0
DA:91,0
DA:96,0
DA:97,0
DA:103,0
DA:104,0
DA:106,0
DA:112,0
DA:113,0
DA:120,0
LF:50
LH:0
BRDA:15,0,0,0
BRDA:15,0,1,0
BRDA:15,0,2,0
BRDA:15,0,3,0
BRDA:31,1,0,0
BRDA:31,1,1,0
BRDA:40,2,0,0
BRDA:40,2,1,0
BRDA:63,3,0,0
BRDA:63,3,1,0
BRDA:96,4,0,0
BRDA:96,4,1,0
BRF:12
BRH:0
end_of_record
TN:
SF:routes\auth.js
FN:78,(anonymous_0)
FN:189,(anonymous_1)
FN:290,(anonymous_2)
FNF:3
FNH:0
FNDA:0,(anonymous_0)
FNDA:0,(anonymous_1)
FNDA:0,(anonymous_2)
DA:1,0
DA:2,0
DA:3,0
DA:4,0
DA:5,0
DA:74,0
DA:79,0
DA:80,0
DA:81,0
DA:82,0
DA:89,0
DA:92,0
DA:93,0
DA:94,0
DA:101,0
DA:102,0
DA:104,0
DA:118,0
DA:119,0
DA:186,0
DA:190,0
DA:191,0
DA:192,0
DA:193,0
DA:200,0
DA:203,0
DA:204,0
DA:205,0
DA:212,0
DA:213,0
DA:220,0
DA:221,0
DA:222,0
DA:229,0
DA:231,0
DA:245,0
DA:246,0
DA:290,0
DA:291,0
DA:292,0
DA:299,0
DA:300,0
DA:307,0
LF:43
LH:0
BRDA:81,0,0,0
BRDA:81,0,1,0
BRDA:93,1,0,0
BRDA:93,1,1,0
BRDA:192,2,0,0
BRDA:192,2,1,0
BRDA:204,3,0,0
BRDA:204,3,1,0
BRDA:212,4,0,0
BRDA:212,4,1,0
BRDA:221,5,0,0
BRDA:221,5,1,0
BRF:12
BRH:0
end_of_record
TN:
SF:routes\currency.js
FN:19,(anonymous_0)
FN:59,(anonymous_1)
FN:102,(anonymous_2)
FN:104,(anonymous_3)
FN:123,getCurrencyName
FNF:5
FNH:0
FNDA:0,(anonymous_0)
FNDA:0,(anonymous_1)
FNDA:0,(anonymous_2)
FNDA:0,(anonymous_3)
FNDA:0,getCurrencyName
DA:1,0
DA:2,0
DA:3,0
DA:6,0
DA:19,0
DA:20,0
DA:21,0
DA:23,0
DA:24,0
DA:30,0
DA:31,0
DA:37,0
DA:39,0
DA:50,0
DA:51,0
DA:59,0
DA:60,0
DA:61,0
DA:63,0
DA:64,0
DA:70,0
DA:71,0
DA:77,0
DA:78,0
DA:80,0
DA:93,0
DA:94,0
DA:102,0
DA:103,0
DA:104,0
DA:109,0
DA:115,0
DA:116,0
DA:124,0
DA:135,0
DA:138,0
LF:36
LH:0
BRDA:23,0,0,0
BRDA:23,0,1,0
BRDA:23,1,0,0
BRDA:23,1,1,0
BRDA:30,2,0,0
BRDA:30,2,1,0
BRDA:30,3,0,0
BRDA:30,3,1,0
BRDA:63,4,0,0
BRDA:63,4,1,0
BRDA:63,5,0,0
BRDA:63,5,1,0
BRDA:63,5,2,0
BRDA:70,6,0,0
BRDA:70,6,1,0
BRDA:70,7,0,0
BRDA:70,7,1,0
BRDA:135,8,0,0
BRDA:135,8,1,0
BRF:19
BRH:0
end_of_record
TN:
SF:routes\dashboard.js
FN:10,(anonymous_0)
FN:23,(anonymous_1)
FN:51,(anonymous_2)
FN:56,(anonymous_3)
FN:57,(anonymous_4)
FNF:5
FNH:0
FNDA:0,(anonymous_0)
FNDA:0,(anonymous_1)
FNDA:0,(anonymous_2)
FNDA:0,(anonymous_3)
FNDA:0,(anonymous_4)
DA:1,0
DA:2,0
DA:3,0
DA:4,0
DA:5,0
DA:7,0
DA:10,0
DA:11,0
DA:12,0
DA:13,0
DA:19,0
DA:20,0
DA:22,0
DA:23,0
DA:25,0
DA:30,0
DA:42,0
DA:43,0
DA:51,0
DA:52,0
DA:53,0
DA:55,0
DA:56,0
DA:57,0
DA:59,0
DA:63,0
DA:75,0
DA:76,0
DA:83,0
LF:29
LH:0
BRDA:12,0,0,0
BRDA:12,0,1,0
BRDA:23,1,0,0
BRDA:23,1,1,0
BRDA:56,2,0,0
BRDA:56,2,1,0
BRDA:57,3,0,0
BRDA:57,3,1,0
BRF:8
BRH:0
end_of_record
TN:
SF:routes\discountCodes.js
FN:12,(anonymous_0)
FN:30,(anonymous_1)
FN:55,(anonymous_2)
FN:117,(anonymous_3)
FN:175,(anonymous_4)
FN:221,(anonymous_5)
FNF:6
FNH:0
FNDA:0,(anonymous_0)
FNDA:0,(anonymous_1)
FNDA:0,(anonymous_2)
FNDA:0,(anonymous_3)
FNDA:0,(anonymous_4)
FNDA:0,(anonymous_5)
DA:1,0
DA:2,0
DA:3,0
DA:4,0
DA:5,0
DA:8,0
DA:9,0
DA:12,0
DA:13,0
DA:14,0
DA:16,0
DA:21,0
DA:22,0
DA:30,0
DA:31,0
DA:32,0
DA:34,0
DA:35,0
DA:41,0
DA:46,0
DA:47,0
DA:55,0
DA:56,0
DA:57,0
DA:59,0
DA:60,0
DA:66,0
DA:67,0
DA:73,0
DA:77,0
DA:78,0
DA:84,0
DA:85,0
DA:86,0
DA:92,0
DA:94,0
DA:104,0
DA:105,0
DA:113,0
DA:118,0
DA:119,0
DA:120,0
DA:121,0
DA:128,0
DA:131,0
DA:134,0
DA:135,0
DA:136,0
DA:142,0
DA:152,0
DA:158,0
DA:159,0
DA:160,0
DA:165,0
DA:173,0
DA:176,0
DA:177,0
DA:178,0
DA:179,0
DA:186,0
DA:188,0
DA:189,0
DA:195,0
DA:197,0
DA:198,0
DA:199,0
DA:200,0
DA:201,0
DA:202,0
DA:204,0
DA:206,0
DA:212,0
DA:213,0
DA:221,0
DA:222,0
DA:223,0
DA:225,0
DA:226,0
DA:232,0
DA:234,0
DA:239,0
DA:240,0
DA:247,0
LF:83
LH:0
BRDA:34,0,0,0
BRDA:34,0,1,0
BRDA:59,1,0,0
BRDA:59,1,1,0
BRDA:66,2,0,0
BRDA:66,2,1,0
BRDA:66,3,0,0
BRDA:66,3,1,0
BRDA:77,4,0,0
BRDA:77,4,1,0
BRDA:85,5,0,0
BRDA:85,5,1,0
BRDA:120,6,0,0
BRDA:120,6,1,0
BRDA:135,7,0,0
BRDA:135,7,1,0
BRDA:146,8,0,0
BRDA:146,8,1,0
BRDA:147,9,0,0
BRDA:147,9,1,0
BRDA:148,10,0,0
BRDA:148,10,1,0
BRDA:149,11,0,0
BRDA:149,11,1,0
BRDA:159,12,0,0
BRDA:159,12,1,0
BRDA:178,13,0,0
BRDA:178,13,1,0
BRDA:188,14,0,0
BRDA:188,14,1,0
BRDA:197,15,0,0
BRDA:197,15,1,0
BRDA:198,16,0,0
BRDA:198,16,1,0
BRDA:199,17,0,0
BRDA:199,17,1,0
BRDA:200,18,0,0
BRDA:200,18,1,0
BRDA:200,19,0,0
BRDA:200,19,1,0
BRDA:201,20,0,0
BRDA:201,20,1,0
BRDA:201,21,0,0
BRDA:201,21,1,0
BRDA:202,22,0,0
BRDA:202,22,1,0
BRDA:225,23,0,0
BRDA:225,23,1,0
BRF:48
BRH:0
end_of_record
TN:
SF:routes\email.js
FN:18,(anonymous_0)
FN:128,(anonymous_1)
FN:149,(anonymous_2)
FN:178,(anonymous_3)
FNF:4
FNH:0
FNDA:0,(anonymous_0)
FNDA:0,(anonymous_1)
FNDA:0,(anonymous_2)
FNDA:0,(anonymous_3)
DA:1,0
DA:2,0
DA:3,0
DA:4,0
DA:5,0
DA:6,0
DA:9,0
DA:18,0
DA:19,0
DA:20,0
DA:22,0
DA:27,0
DA:28,0
DA:36,0
DA:37,0
DA:44,0
DA:45,0
DA:48,0
DA:50,0
DA:57,0
DA:62,0
DA:70,0
DA:79,0
DA:80,0
DA:87,0
DA:88,0
DA:89,0
DA:91,0
DA:102,0
DA:105,0
DA:106,0
DA:107,0
DA:109,0
DA:119,0
DA:120,0
DA:128,0
DA:129,0
DA:130,0
DA:134,0
DA:140,0
DA:141,0
DA:149,0
DA:150,0
DA:151,0
DA:153,0
DA:162,0
DA:169,0
DA:170,0
DA:178,0
DA:179,0
DA:180,0
DA:181,0
DA:187,0
DA:214,0
DA:215,0
DA:216,0
DA:217,0
DA:218,0
DA:220,0
DA:224,0
DA:231,0
DA:232,0
DA:239,0
LF:63
LH:0
BRDA:12,0,0,0
BRDA:12,0,1,0
BRDA:13,1,0,0
BRDA:13,1,1,0
BRDA:27,2,0,0
BRDA:27,2,1,0
BRDA:36,3,0,0
BRDA:36,3,1,0
BRDA:44,4,0,0
BRDA:44,4,1,0
BRDA:48,5,0,0
BRDA:48,5,1,0
BRDA:62,6,0,0
BRDA:62,6,1,0
BRDA:66,7,0,0
BRDA:66,7,1,0
BRDA:71,8,0,0
BRDA:71,8,1,0
BRDA:79,9,0,0
BRDA:79,9,1,0
BRDA:158,10,0,0
BRDA:158,10,1,0
BRDA:180,11,0,0
BRDA:180,11,1,0
BRF:24
BRH:0
end_of_record
TN:
SF:routes\invoices.js
FN:12,(anonymous_0)
FN:33,(anonymous_1)
FN:95,(anonymous_2)
FN:149,(anonymous_3)
FN:190,(anonymous_4)
FN:204,(anonymous_5)
FN:213,(anonymous_6)
FN:302,(anonymous_7)
FN:333,(anonymous_8)
FN:373,(anonymous_9)
FN:398,(anonymous_10)
FN:423,(anonymous_11)
FNF:12
FNH:0
FNDA:0,(anonymous_0)
FNDA:0,(anonymous_1)
FNDA:0,(anonymous_2)
FNDA:0,(anonymous_3)
FNDA:0,(anonymous_4)
FNDA:0,(anonymous_5)
FNDA:0,(anonymous_6)
FNDA:0,(anonymous_7)
FNDA:0,(anonymous_8)
FNDA:0,(anonymous_9)
FNDA:0,(anonymous_10)
FNDA:0,(anonymous_11)
DA:1,0
DA:2,0
DA:3,0
DA:4,0
DA:5,0
DA:6,0
DA:9,0
DA:12,0
DA:13,0
DA:14,0
DA:15,0
DA:19,0
DA:24,0
DA:25,0
DA:33,0
DA:34,0
DA:35,0
DA:38,0
DA:39,0
DA:46,0
DA:47,0
DA:53,0
DA:54,0
DA:56,0
DA:57,0
DA:59,0
DA:62,0
DA:63,0
DA:66,0
DA:67,0
DA:68,0
DA:69,0
DA:72,0
DA:73,0
DA:74,0
DA:75,0
DA:76,0
DA:77,0
DA:78,0
DA:81,0
DA:82,0
DA:84,0
DA:85,0
DA:86,0
DA:87,0
DA:88,0
DA:89,0
DA:91,0
DA:92,0
DA:93,0
DA:95,0
DA:96,0
DA:97,0
DA:98,0
DA:99,0
DA:100,0
DA:103,0
DA:104,0
DA:107,0
DA:108,0
DA:109,0
DA:110,0
DA:112,0
DA:113,0
DA:114,0
DA:115,0
DA:118,0
DA:119,0
DA:120,0
DA:121,0
DA:124,0
DA:125,0
DA:126,0
DA:127,0
DA:130,0
DA:131,0
DA:133,0
DA:134,0
DA:135,0
DA:138,0
DA:140,0
DA:141,0
DA:149,0
DA:150,0
DA:151,0
DA:154,0
DA:155,0
DA:162,0
DA:163,0
DA:169,0
DA:174,0
DA:175,0
DA:183,0
DA:191,0
DA:192,0
DA:193,0
DA:194,0
DA:201,0
DA:204,0
DA:213,0
DA:216,0
DA:217,0
DA:220,0
DA:221,0
DA:223,0
DA:225,0
DA:226,0
DA:227,0
DA:233,0
DA:234,0
DA:235,0
DA:241,0
DA:242,0
DA:243,0
DA:249,0
DA:250,0
DA:253,0
DA:254,0
DA:255,0
DA:257,0
DA:260,0
DA:263,0
DA:265,0
DA:280,0
DA:283,0
DA:289,0
DA:290,0
DA:298,0
DA:303,0
DA:304,0
DA:305,0
DA:306,0
DA:313,0
DA:315,0
DA:316,0
DA:323,0
DA:324,0
DA:330,0
DA:333,0
DA:341,0
DA:342,0
DA:345,0
DA:346,0
DA:347,0
DA:350,0
DA:355,0
DA:357,0
DA:358,0
DA:359,0
DA:365,0
DA:366,0
DA:367,0
DA:373,0
DA:374,0
DA:375,0
DA:376,0
DA:382,0
DA:383,0
DA:386,0
DA:387,0
DA:388,0
DA:390,0
DA:391,0
DA:394,0
DA:395,0
DA:398,0
DA:399,0
DA:400,0
DA:401,0
DA:403,0
DA:405,0
DA:408,0
DA:414,0
DA:415,0
DA:423,0
DA:424,0
DA:425,0
DA:427,0
DA:428,0
DA:435,0
DA:436,0
DA:442,0
DA:444,0
DA:449,0
DA:450,0
DA:457,0
LF:186
LH:0
BRDA:14,0,0,0
BRDA:14,0,1,0
BRDA:38,1,0,0
BRDA:38,1,1,0
BRDA:46,2,0,0
BRDA:46,2,1,0
BRDA:46,3,0,0
BRDA:46,3,1,0
BRDA:75,4,0,0
BRDA:75,4,1,0
BRDA:76,5,0,0
BRDA:76,5,1,0
BRDA:77,6,0,0
BRDA:77,6,1,0
BRDA:112,7,0,0
BRDA:112,7,1,0
BRDA:118,8,0,0
BRDA:118,8,1,0
BRDA:133,9,0,0
BRDA:133,9,1,0
BRDA:154,10,0,0
BRDA:154,10,1,0
BRDA:162,11,0,0
BRDA:162,11,1,0
BRDA:162,12,0,0
BRDA:162,12,1,0
BRDA:193,13,0,0
BRDA:193,13,1,0
BRDA:206,14,0,0
BRDA:206,14,1,0
BRDA:216,15,0,0
BRDA:216,15,1,0
BRDA:216,16,0,0
BRDA:216,16,1,0
BRDA:223,17,0,0
BRDA:223,17,1,0
BRDA:226,18,0,0
BRDA:226,18,1,0
BRDA:234,19,0,0
BRDA:234,19,1,0
BRDA:242,20,0,0
BRDA:242,20,1,0
BRDA:255,21,0,0
BRDA:255,21,1,0
BRDA:255,22,0,0
BRDA:255,22,1,0
BRDA:257,23,0,0
BRDA:257,23,1,0
BRDA:263,24,0,0
BRDA:263,24,1,0
BRDA:263,25,0,0
BRDA:263,25,1,0
BRDA:305,26,0,0
BRDA:305,26,1,0
BRDA:315,27,0,0
BRDA:315,27,1,0
BRDA:323,28,0,0
BRDA:323,28,1,0
BRDA:323,29,0,0
BRDA:323,29,1,0
BRDA:335,30,0,0
BRDA:335,30,1,0
BRDA:345,31,0,0
BRDA:345,31,1,0
BRDA:346,32,0,0
BRDA:346,32,1,0
BRDA:347,33,0,0
BRDA:347,33,1,0
BRDA:355,34,0,0
BRDA:355,34,1,0
BRDA:358,35,0,0
BRDA:358,35,1,0
BRDA:366,36,0,0
BRDA:366,36,1,0
BRDA:375,37,0,0
BRDA:375,37,1,0
BRDA:388,38,0,0
BRDA:388,38,1,0
BRDA:388,39,0,0
BRDA:388,39,1,0
BRDA:394,40,0,0
BRDA:394,40,1,0
BRDA:395,41,0,0
BRDA:395,41,1,0
BRDA:427,42,0,0
BRDA:427,42,1,0
BRDA:435,43,0,0
BRDA:435,43,1,0
BRDA:435,44,0,0
BRDA:435,44,1,0
BRF:90
BRH:0
end_of_record
TN:
SF:routes\payment.js
FN:7,(anonymous_0)
FN:49,(anonymous_1)
FN:110,(anonymous_2)
FNF:3
FNH:0
FNDA:0,(anonymous_0)
FNDA:0,(anonymous_1)
FNDA:0,(anonymous_2)
DA:1,0
DA:2,0
DA:3,0
DA:4,0
DA:7,0
DA:8,0
DA:9,0
DA:14,0
DA:15,0
DA:22,0
DA:25,0
DA:26,0
DA:28,0
DA:40,0
DA:41,0
DA:49,0
DA:50,0
DA:51,0
DA:53,0
DA:58,0
DA:59,0
DA:65,0
DA:66,0
DA:74,0
DA:75,0
DA:77,0
DA:78,0
DA:85,0
DA:86,0
DA:88,0
DA:101,0
DA:102,0
DA:110,0
DA:111,0
DA:112,0
DA:117,0
DA:118,0
DA:124,0
DA:136,0
DA:137,0
DA:144,0
LF:41
LH:0
BRDA:14,0,0,0
BRDA:14,0,1,0
BRDA:58,1,0,0
BRDA:58,1,1,0
BRDA:65,2,0,0
BRDA:65,2,1,0
BRDA:77,3,0,0
BRDA:77,3,1,0
BRDA:95,4,0,0
BRDA:95,4,1,0
BRDA:117,5,0,0
BRDA:117,5,1,0
BRF:12
BRH:0
end_of_record
TN:
SF:routes\recurring.js
FN:7,(anonymous_0)
FN:29,(anonymous_1)
FN:80,(anonymous_2)
FN:146,(anonymous_3)
FNF:4
FNH:0
FNDA:0,(anonymous_0)
FNDA:0,(anonymous_1)
FNDA:0,(anonymous_2)
FNDA:0,(anonymous_3)
DA:1,0
DA:2,0
DA:3,0
DA:4,0
DA:7,0
DA:8,0
DA:9,0
DA:14,0
DA:20,0
DA:21,0
DA:29,0
DA:30,0
DA:31,0
DA:34,0
DA:35,0
DA:37,0
DA:38,0
DA:40,0
DA:41,0
DA:43,0
DA:44,0
DA:46,0
DA:47,0
DA:49,0
DA:52,0
DA:64,0
DA:71,0
DA:72,0
DA:80,0
DA:81,0
DA:82,0
DA:88,0
DA:89,0
DA:96,0
DA:97,0
DA:99,0
DA:100,0
DA:102,0
DA:103,0
DA:105,0
DA:106,0
DA:108,0
DA:109,0
DA:113,0
DA:127,0
DA:128,0
DA:130,0
DA:137,0
DA:138,0
DA:146,0
DA:147,0
DA:148,0
DA:150,0
DA:155,0
DA:156,0
DA:162,0
DA:163,0
DA:164,0
DA:167,0
DA:168,0
DA:170,0
DA:171,0
DA:173,0
DA:174,0
DA:176,0
DA:177,0
DA:179,0
DA:180,0
DA:182,0
DA:185,0
DA:187,0
DA:194,0
DA:195,0
DA:202,0
LF:74
LH:0
BRDA:34,0,0,0
BRDA:34,0,1,0
BRDA:35,1,0,0
BRDA:35,1,1,0
BRDA:35,1,2,0
BRDA:35,1,3,0
BRDA:35,1,4,0
BRDA:56,2,0,0
BRDA:56,2,1,0
BRDA:57,3,0,0
BRDA:57,3,1,0
BRDA:88,4,0,0
BRDA:88,4,1,0
BRDA:97,5,0,0
BRDA:97,5,1,0
BRDA:97,5,2,0
BRDA:97,5,3,0
BRDA:155,6,0,0
BRDA:155,6,1,0
BRDA:162,7,0,0
BRDA:162,7,1,0
BRDA:163,8,0,0
BRDA:163,8,1,0
BRDA:167,9,0,0
BRDA:167,9,1,0
BRDA:168,10,0,0
BRDA:168,10,1,0
BRDA:168,10,2,0
BRDA:168,10,3,0
BRF:29
BRH:0
end_of_record
TN:
SF:routes\settings.js
FN:12,(anonymous_0)
FN:34,(anonymous_1)
FN:69,(anonymous_2)
FN:92,(anonymous_3)
FNF:4
FNH:0
FNDA:0,(anonymous_0)
FNDA:0,(anonymous_1)
FNDA:0,(anonymous_2)
FNDA:0,(anonymous_3)
DA:1,0
DA:2,0
DA:3,0
DA:4,0
DA:5,0
DA:6,0
DA:8,0
DA:9,0
DA:12,0
DA:13,0
DA:14,0
DA:16,0
DA:21,0
DA:22,0
DA:30,0
DA:35,0
DA:36,0
DA:37,0
DA:38,0
DA:45,0
DA:46,0
DA:47,0
DA:49,0
DA:50,0
DA:51,0
DA:54,0
DA:60,0
DA:61,0
DA:69,0
DA:70,0
DA:71,0
DA:75,0
DA:77,0
DA:92,0
DA:105,0
DA:107,0
DA:108,0
DA:109,0
DA:111,0
DA:112,0
DA:119,0
LF:41
LH:0
BRDA:37,0,0,0
BRDA:37,0,1,0
BRDA:46,1,0,0
BRDA:46,1,1,0
BRF:4
BRH:0
end_of_record
TN:
SF:routes\tax.js
FN:7,(anonymous_0)
FN:58,(anonymous_1)
FN:115,(anonymous_2)
FNF:3
FNH:0
FNDA:0,(anonymous_0)
FNDA:0,(anonymous_1)
FNDA:0,(anonymous_2)
DA:1,0
DA:2,0
DA:3,0
DA:4,0
DA:7,0
DA:8,0
DA:9,0
DA:11,0
DA:12,0
DA:19,0
DA:21,0
DA:22,0
DA:25,0
DA:27,0
DA:38,0
DA:49,0
DA:50,0
DA:58,0
DA:59,0
DA:60,0
DA:62,0
DA:63,0
DA:70,0
DA:76,0
DA:78,0
DA:79,0
DA:85,0
DA:86,0
DA:87,0
DA:88,0
DA:89,0
DA:90,0
DA:92,0
DA:106,0
DA:107,0
DA:115,0
DA:116,0
DA:117,0
DA:118,0
DA:124,0
DA:134,0
DA:135,0
DA:136,0
DA:137,0
DA:138,0
DA:141,0
DA:145,0
DA:152,0
DA:153,0
DA:160,0
LF:50
LH:0
BRDA:11,0,0,0
BRDA:11,0,1,0
BRDA:21,1,0,0
BRDA:21,1,1,0
BRDA:25,2,0,0
BRDA:25,2,1,0
BRDA:60,3,0,0
BRDA:62,4,0,0
BRDA:62,4,1,0
BRDA:62,5,0,0
BRDA:62,5,1,0
BRDA:70,6,0,0
BRDA:70,6,1,0
BRDA:78,7,0,0
BRDA:78,7,1,0
BRDA:117,8,0,0
BRDA:117,8,1,0
BRDA:141,9,0,0
BRDA:141,9,1,0
BRF:19
BRH:0
end_of_record
TN:
SF:routes\users.js
FN:12,(anonymous_0)
FN:30,(anonymous_1)
FN:60,(anonymous_2)
FN:115,(anonymous_3)
FN:176,(anonymous_4)
FNF:5
FNH:0
FNDA:0,(anonymous_0)
FNDA:0,(anonymous_1)
FNDA:0,(anonymous_2)
FNDA:0,(anonymous_3)
FNDA:0,(anonymous_4)
DA:1,0
DA:2,0
DA:3,0
DA:4,0
DA:5,0
DA:8,0
DA:9,0
DA:12,0
DA:13,0
DA:14,0
DA:16,0
DA:21,0
DA:22,0
DA:30,0
DA:31,0
DA:32,0
DA:34,0
DA:35,0
DA:41,0
DA:46,0
DA:47,0
DA:55,0
DA:61,0
DA:62,0
DA:67,0
DA:68,0
DA:69,0
DA:70,0
DA:77,0
DA:80,0
DA:81,0
DA:82,0
DA:88,0
DA:95,0
DA:101,0
DA:102,0
DA:110,0
DA:116,0
DA:117,0
DA:118,0
DA:119,0
DA:126,0
DA:128,0
DA:129,0
DA:136,0
DA:137,0
DA:143,0
DA:145,0
DA:146,0
DA:147,0
DA:148,0
DA:149,0
DA:154,0
DA:156,0
DA:157,0
DA:159,0
DA:161,0
DA:167,0
DA:168,0
DA:176,0
DA:177,0
DA:179,0
DA:180,0
DA:186,0
DA:188,0
DA:189,0
DA:195,0
DA:197,0
DA:202,0
DA:203,0
DA:210,0
LF:71
LH:0
BRDA:34,0,0,0
BRDA:34,0,1,0
BRDA:68,1,0,0
BRDA:68,1,1,0
BRDA:81,2,0,0
BRDA:81,2,1,0
BRDA:92,3,0,0
BRDA:92,3,1,0
BRDA:118,4,0,0
BRDA:118,4,1,0
BRDA:128,5,0,0
BRDA:128,5,1,0
BRDA:136,6,0,0
BRDA:136,6,1,0
BRDA:136,7,0,0
BRDA:136,7,1,0
BRDA:145,8,0,0
BRDA:145,8,1,0
BRDA:146,9,0,0
BRDA:146,9,1,0
BRDA:146,10,0,0
BRDA:146,10,1,0
BRDA:148,11,0,0
BRDA:148,11,1,0
BRDA:156,12,0,0
BRDA:156,12,1,0
BRDA:157,13,0,0
BRDA:157,13,1,0
BRDA:179,14,0,0
BRDA:179,14,1,0
BRDA:188,15,0,0
BRDA:188,15,1,0
BRF:32
BRH:0
end_of_record
